This file contains any messages produced by compilers while
running configure, to aid debugging if configure makes a mistake.

It was created by libdashbls configure 1.3.0, which was
generated by GNU Autoconf 2.71.  Invocation command line was

  $ ./configure --disable-option-checking --prefix=/usr/local --enable-cxx --disable-shared --with-pic --disable-shared --with-pic --enable-benchmark=no --enable-module-recovery --disable-openssl-tests --cache-file=/dev/null --srcdir=.

## --------- ##
## Platform. ##
## --------- ##

hostname = bld
uname -m = x86_64
uname -r = 5.15.0-130-generic
uname -s = Linux
uname -v = #140-Ubuntu SMP Wed Dec 18 17:59:53 UTC 2024

/usr/bin/uname -p = x86_64
/bin/uname -X     = unknown

/bin/arch              = x86_64
/usr/bin/arch -k       = unknown
/usr/convex/getsysinfo = unknown
/usr/bin/hostinfo      = unknown
/bin/machine           = unknown
/usr/bin/oslevel       = unknown
/bin/universe          = unknown

PATH: /home/administrator/walletbuilders/build_environment/dash/20.0.1/depends/x86_64-pc-linux-gnu/native/bin/
PATH: /usr/local/sbin/
PATH: /usr/local/bin/
PATH: /usr/sbin/
PATH: /usr/bin/
PATH: /sbin/
PATH: /bin/
PATH: /usr/games/
PATH: /usr/local/games/
PATH: /snap/bin/


## ----------- ##
## Core tests. ##
## ----------- ##

configure:2301: loading site script /home/administrator/walletbuilders/build_environment/dash/20.0.1/depends/x86_64-pc-linux-gnu/share/config.site
| # shellcheck shell=sh disable=SC2034 # Many variables set will be used in
|                                      # ./configure but shellcheck doesn't know
|                                      # that, hence: disable=SC2034
| 
| true  # Dummy command because shellcheck treats all directives before first
|       # command as file-wide, and we only want to disable for one line.
|       #
|       # See: https://github.com/koalaman/shellcheck/wiki/Directive
| 
| # shellcheck disable=SC2154
| depends_prefix="$(cd "$(dirname ${ac_site_file})/.." && pwd)"
| 
| cross_compiling=maybe
| host_alias=x86_64-pc-linux-gnu
| ac_tool_prefix=${host_alias}-
| 
| if test -z $with_boost; then
|   with_boost=$depends_prefix
| fi
| if test -z $with_qt_plugindir; then
|   with_qt_plugindir=$depends_prefix/plugins
| fi
| if test -z $with_qt_translationdir; then
|   with_qt_translationdir=$depends_prefix/translations
| fi
| if test -z $with_qt_bindir; then
|   with_qt_bindir=$depends_prefix/native/bin
| fi
| 
| if test -z $with_qrencode && test -n ""; then
|   with_qrencode=no
| fi
| 
| if test -z $enable_wallet && test -n ""; then
|   enable_wallet=no
| fi
| 
| if test -z $with_miniupnpc && test -n ""; then
|   with_miniupnpc=no
| fi
| 
| if test -z $with_natpmp && test -n ""; then
|   with_natpmp=no
| fi
| 
| if test -z $with_gui && test -n ""; then
|   with_gui=no
| fi
| 
| if test -z $enable_zmq && test -n ""; then
|   enable_zmq=no
| fi
| 
| if test -n "" && test -z "" && test "x$with_gui" != xno; then
|   with_gui=qt5_debug
| fi
| 
| if test "linux" = darwin; then
|   BREW=no
| fi
| 
| PATH=$depends_prefix/native/bin:$PATH
| PKG_CONFIG="$(which pkg-config) --static"
| 
| # These two need to remain exported because pkg-config does not see them
| # otherwise. That means they must be unexported at the end of configure.ac to
| # avoid ruining the cache. Sigh.
| 
| export PKG_CONFIG_LIBDIR=$depends_prefix/lib/pkgconfig
| export PKG_CONFIG_PATH=$depends_prefix/share/pkgconfig
| 
| CPPFLAGS="-I$depends_prefix/include/ $CPPFLAGS"
| LDFLAGS="-L$depends_prefix/lib $LDFLAGS"
| 
| if test -n "gcc -m64" -a -z "${CC}"; then
|   CC="gcc -m64"
| fi
| if test -n "g++ -m64" -a -z "${CXX}"; then
|   CXX="g++ -m64"
| fi
| PYTHONPATH="${depends_prefix}/native/lib/python3/dist-packages${PYTHONPATH:+${PATH_SEPARATOR}}${PYTHONPATH}"
| 
| if test -n "ar"; then
|   AR=ar
|   ac_cv_path_ac_pt_AR=${AR}
| fi
| 
| if test -n "ranlib"; then
|   RANLIB=ranlib
|   ac_cv_path_ac_pt_RANLIB=${RANLIB}
| fi
| 
| if test -n "nm"; then
|   NM=nm
|   ac_cv_path_ac_pt_NM=${NM}
| fi
| 
| if test -n ""; then
|   enable_reduce_exports=no
| fi
| 
| if test -n "-pipe -O2"; then
|   CFLAGS="-pipe -O2 $CFLAGS"
| fi
| if test -n "-pipe -static-libstdc++ -O2"; then
|   CXXFLAGS="-pipe -static-libstdc++ -O2 $CXXFLAGS"
| fi
| if test -n ""; then
|   CPPFLAGS=" $CPPFLAGS"
| fi
| if test -n ""; then
|   LDFLAGS=" $LDFLAGS"
| fi
configure:2876: looking for aux files: ltmain.sh compile missing install-sh config.guess config.sub
configure:2889:  trying ./build-aux/
configure:2918:   ./build-aux/ltmain.sh found
configure:2918:   ./build-aux/compile found
configure:2918:   ./build-aux/missing found
configure:2900:   ./build-aux/install-sh found
configure:2918:   ./build-aux/config.guess found
configure:2918:   ./build-aux/config.sub found
configure:3044: checking build system type
configure:3059: result: x86_64-pc-linux-gnu
configure:3079: checking host system type
configure:3093: result: x86_64-pc-linux-gnu
configure:3134: checking for a BSD-compatible install
configure:3207: result: /usr/bin/install -c
configure:3218: checking whether build environment is sane
configure:3273: result: yes
configure:3329: checking for x86_64-pc-linux-gnu-strip
configure:3364: result: no
configure:3374: checking for strip
configure:3395: found /usr/bin/strip
configure:3406: result: strip
configure:3432: checking for a race-free mkdir -p
configure:3476: result: /usr/bin/mkdir -p
configure:3483: checking for gawk
configure:3504: found /usr/bin/gawk
configure:3515: result: gawk
configure:3526: checking whether make sets $(MAKE)
configure:3549: result: yes
configure:3579: checking whether make supports nested variables
configure:3597: result: yes
configure:3730: checking whether to enable maintainer-specific portions of Makefiles
configure:3740: result: yes
configure:3766: checking whether make supports nested variables
configure:3784: result: yes
configure:3929: checking for C++ compiler version
configure:3938: g++ -m64 --version >&5
g++ (Ubuntu 11.4.0-1ubuntu1~22.04) 11.4.0
Copyright (C) 2021 Free Software Foundation, Inc.
This is free software; see the source for copying conditions.  There is NO
warranty; not even for MERCHANTABILITY or FITNESS FOR A PARTICULAR PURPOSE.

configure:3949: $? = 0
configure:3938: g++ -m64 -v >&5
Using built-in specs.
COLLECT_GCC=g++
COLLECT_LTO_WRAPPER=/usr/lib/gcc/x86_64-linux-gnu/11/lto-wrapper
OFFLOAD_TARGET_NAMES=nvptx-none:amdgcn-amdhsa
OFFLOAD_TARGET_DEFAULT=1
Target: x86_64-linux-gnu
Configured with: ../src/configure -v --with-pkgversion='Ubuntu 11.4.0-1ubuntu1~22.04' --with-bugurl=file:///usr/share/doc/gcc-11/README.Bugs --enable-languages=c,ada,c++,go,brig,d,fortran,objc,obj-c++,m2 --prefix=/usr --with-gcc-major-version-only --program-suffix=-11 --program-prefix=x86_64-linux-gnu- --enable-shared --enable-linker-build-id --libexecdir=/usr/lib --without-included-gettext --enable-threads=posix --libdir=/usr/lib --enable-nls --enable-bootstrap --enable-clocale=gnu --enable-libstdcxx-debug --enable-libstdcxx-time=yes --with-default-libstdcxx-abi=new --enable-gnu-unique-object --disable-vtable-verify --enable-plugin --enable-default-pie --with-system-zlib --enable-libphobos-checking=release --with-target-system-zlib=auto --enable-objc-gc=auto --enable-multiarch --disable-werror --enable-cet --with-arch-32=i686 --with-abi=m64 --with-multilib-list=m32,m64,mx32 --enable-multilib --with-tune=generic --enable-offload-targets=nvptx-none=/build/gcc-11-XeT9lY/gcc-11-11.4.0/debian/tmp-nvptx/usr,amdgcn-amdhsa=/build/gcc-11-XeT9lY/gcc-11-11.4.0/debian/tmp-gcn/usr --without-cuda-driver --enable-checking=release --build=x86_64-linux-gnu --host=x86_64-linux-gnu --target=x86_64-linux-gnu --with-build-config=bootstrap-lto-lean --enable-link-serialization=2
Thread model: posix
Supported LTO compression algorithms: zlib zstd
gcc version 11.4.0 (Ubuntu 11.4.0-1ubuntu1~22.04) 
... rest of stderr output deleted ...
configure:3949: $? = 0
configure:3938: g++ -m64 -V >&5
g++: error: unrecognized command-line option '-V'
g++: fatal error: no input files
compilation terminated.
configure:3949: $? = 1
configure:3938: g++ -m64 -qversion >&5
g++: error: unrecognized command-line option '-qversion'; did you mean '--version'?
g++: fatal error: no input files
compilation terminated.
configure:3949: $? = 1
configure:3969: checking whether the C++ compiler works
configure:3991: g++ -m64 -pipe -static-libstdc++ -O2  -I/home/administrator/walletbuilders/build_environment/dash/20.0.1/depends/x86_64-pc-linux-gnu/include/  -L/home/administrator/walletbuilders/build_environment/dash/20.0.1/depends/x86_64-pc-linux-gnu/lib  conftest.cpp  >&5
configure:3995: $? = 0
configure:4045: result: yes
configure:4048: checking for C++ compiler default output file name
configure:4050: result: a.out
configure:4056: checking for suffix of executables
configure:4063: g++ -m64 -o conftest -pipe -static-libstdc++ -O2  -I/home/administrator/walletbuilders/build_environment/dash/20.0.1/depends/x86_64-pc-linux-gnu/include/  -L/home/administrator/walletbuilders/build_environment/dash/20.0.1/depends/x86_64-pc-linux-gnu/lib  conftest.cpp  >&5
configure:4067: $? = 0
configure:4090: result: 
configure:4112: checking whether we are cross compiling
configure:4120: g++ -m64 -o conftest -pipe -static-libstdc++ -O2  -I/home/administrator/walletbuilders/build_environment/dash/20.0.1/depends/x86_64-pc-linux-gnu/include/  -L/home/administrator/walletbuilders/build_environment/dash/20.0.1/depends/x86_64-pc-linux-gnu/lib  conftest.cpp  >&5
configure:4124: $? = 0
configure:4131: ./conftest
configure:4135: $? = 0
configure:4150: result: no
configure:4155: checking for suffix of object files
configure:4178: g++ -m64 -c -pipe -static-libstdc++ -O2  -I/home/administrator/walletbuilders/build_environment/dash/20.0.1/depends/x86_64-pc-linux-gnu/include/  conftest.cpp >&5
configure:4182: $? = 0
configure:4204: result: o
configure:4208: checking whether the compiler supports GNU C++
configure:4228: g++ -m64 -c -pipe -static-libstdc++ -O2  -I/home/administrator/walletbuilders/build_environment/dash/20.0.1/depends/x86_64-pc-linux-gnu/include/  conftest.cpp >&5
configure:4228: $? = 0
configure:4238: result: yes
configure:4249: checking whether g++ -m64 accepts -g
configure:4270: g++ -m64 -c -g -I/home/administrator/walletbuilders/build_environment/dash/20.0.1/depends/x86_64-pc-linux-gnu/include/  conftest.cpp >&5
configure:4270: $? = 0
configure:4314: result: yes
configure:4334: checking for g++ -m64 option to enable C++11 features
configure:4349: g++ -m64  -c -pipe -static-libstdc++ -O2  -I/home/administrator/walletbuilders/build_environment/dash/20.0.1/depends/x86_64-pc-linux-gnu/include/  conftest.cpp >&5
conftest.cpp: In function 'int main(int, char**)':
conftest.cpp:175:25: warning: empty parentheses were disambiguated as a function declaration [-Wvexing-parse]
  175 |   cxx11test::delegate d2();
      |                         ^~
conftest.cpp:175:25: note: remove parentheses to default-initialize a variable
  175 |   cxx11test::delegate d2();
      |                         ^~
      |                         --
conftest.cpp:175:25: note: or replace parentheses with braces to value-initialize a variable
configure:4349: $? = 0
configure:4367: result: none needed
configure:4434: checking whether make supports the include directive
configure:4449: make -f confmf.GNU && cat confinc.out
this is the am__doit target
configure:4452: $? = 0
configure:4471: result: yes (GNU style)
configure:4497: checking dependency style of g++ -m64
configure:4609: result: gcc3
configure:4642: checking for x86_64-pc-linux-gnu-gcc
configure:4674: result: gcc -m64
configure:5072: checking for C compiler version
configure:5081: gcc -m64 --version >&5
gcc (Ubuntu 11.4.0-1ubuntu1~22.04) 11.4.0
Copyright (C) 2021 Free Software Foundation, Inc.
This is free software; see the source for copying conditions.  There is NO
warranty; not even for MERCHANTABILITY or FITNESS FOR A PARTICULAR PURPOSE.

configure:5092: $? = 0
configure:5081: gcc -m64 -v >&5
Using built-in specs.
COLLECT_GCC=gcc
COLLECT_LTO_WRAPPER=/usr/lib/gcc/x86_64-linux-gnu/11/lto-wrapper
OFFLOAD_TARGET_NAMES=nvptx-none:amdgcn-amdhsa
OFFLOAD_TARGET_DEFAULT=1
Target: x86_64-linux-gnu
Configured with: ../src/configure -v --with-pkgversion='Ubuntu 11.4.0-1ubuntu1~22.04' --with-bugurl=file:///usr/share/doc/gcc-11/README.Bugs --enable-languages=c,ada,c++,go,brig,d,fortran,objc,obj-c++,m2 --prefix=/usr --with-gcc-major-version-only --program-suffix=-11 --program-prefix=x86_64-linux-gnu- --enable-shared --enable-linker-build-id --libexecdir=/usr/lib --without-included-gettext --enable-threads=posix --libdir=/usr/lib --enable-nls --enable-bootstrap --enable-clocale=gnu --enable-libstdcxx-debug --enable-libstdcxx-time=yes --with-default-libstdcxx-abi=new --enable-gnu-unique-object --disable-vtable-verify --enable-plugin --enable-default-pie --with-system-zlib --enable-libphobos-checking=release --with-target-system-zlib=auto --enable-objc-gc=auto --enable-multiarch --disable-werror --enable-cet --with-arch-32=i686 --with-abi=m64 --with-multilib-list=m32,m64,mx32 --enable-multilib --with-tune=generic --enable-offload-targets=nvptx-none=/build/gcc-11-XeT9lY/gcc-11-11.4.0/debian/tmp-nvptx/usr,amdgcn-amdhsa=/build/gcc-11-XeT9lY/gcc-11-11.4.0/debian/tmp-gcn/usr --without-cuda-driver --enable-checking=release --build=x86_64-linux-gnu --host=x86_64-linux-gnu --target=x86_64-linux-gnu --with-build-config=bootstrap-lto-lean --enable-link-serialization=2
Thread model: posix
Supported LTO compression algorithms: zlib zstd
gcc version 11.4.0 (Ubuntu 11.4.0-1ubuntu1~22.04) 
... rest of stderr output deleted ...
configure:5092: $? = 0
configure:5081: gcc -m64 -V >&5
gcc: error: unrecognized command-line option '-V'
gcc: fatal error: no input files
compilation terminated.
configure:5092: $? = 1
configure:5081: gcc -m64 -qversion >&5
gcc: error: unrecognized command-line option '-qversion'; did you mean '--version'?
gcc: fatal error: no input files
compilation terminated.
configure:5092: $? = 1
configure:5081: gcc -m64 -version >&5
gcc: error: unrecognized command-line option '-version'
gcc: fatal error: no input files
compilation terminated.
configure:5092: $? = 1
configure:5096: checking whether the compiler supports GNU C
configure:5116: gcc -m64 -c -pipe -O2  -I/home/administrator/walletbuilders/build_environment/dash/20.0.1/depends/x86_64-pc-linux-gnu/include/  conftest.c >&5
configure:5116: $? = 0
configure:5126: result: yes
configure:5137: checking whether gcc -m64 accepts -g
configure:5158: gcc -m64 -c -g -I/home/administrator/walletbuilders/build_environment/dash/20.0.1/depends/x86_64-pc-linux-gnu/include/  conftest.c >&5
configure:5158: $? = 0
configure:5202: result: yes
configure:5222: checking for gcc -m64 option to enable C11 features
configure:5237: gcc -m64  -c -pipe -O2  -I/home/administrator/walletbuilders/build_environment/dash/20.0.1/depends/x86_64-pc-linux-gnu/include/  conftest.c >&5
configure:5237: $? = 0
configure:5255: result: none needed
configure:5371: checking whether gcc -m64 understands -c and -o together
configure:5394: gcc -m64 -c conftest.c -o conftest2.o
configure:5397: $? = 0
configure:5394: gcc -m64 -c conftest.c -o conftest2.o
configure:5397: $? = 0
configure:5409: result: yes
configure:5428: checking dependency style of gcc -m64
configure:5540: result: gcc3
configure:5584: checking whether g++ -m64 supports C++14 features with -std=c++14
configure:6003: g++ -m64 -std=c++14 -c -pipe -static-libstdc++ -O2  -I/home/administrator/walletbuilders/build_environment/dash/20.0.1/depends/x86_64-pc-linux-gnu/include/  conftest.cpp >&5
configure:6003: $? = 0
configure:6013: result: yes
configure:6100: checking how to print strings
configure:6127: result: printf
configure:6148: checking for a sed that does not truncate output
configure:6218: result: /usr/bin/sed
configure:6236: checking for grep that handles long lines and -e
configure:6300: result: /usr/bin/grep
configure:6305: checking for egrep
configure:6373: result: /usr/bin/grep -E
configure:6378: checking for fgrep
configure:6446: result: /usr/bin/grep -F
configure:6482: checking for ld used by gcc -m64
configure:6550: result: /usr/bin/ld
configure:6557: checking if the linker (/usr/bin/ld) is GNU ld
configure:6573: result: yes
configure:6585: checking for BSD- or MS-compatible name lister (nm)
configure:6640: result: nm
configure:6780: checking the name lister (nm) interface
configure:6788: gcc -m64 -c -pipe -O2  -I/home/administrator/walletbuilders/build_environment/dash/20.0.1/depends/x86_64-pc-linux-gnu/include/  conftest.c >&5
configure:6791: nm "conftest.o"
configure:6794: output
0000000000000000 B some_variable
configure:6801: result: BSD nm
configure:6804: checking whether ln -s works
configure:6808: result: yes
configure:6816: checking the maximum length of command line arguments
configure:6948: result: 1572864
configure:6996: checking how to convert x86_64-pc-linux-gnu file names to x86_64-pc-linux-gnu format
configure:7037: result: func_convert_file_noop
configure:7044: checking how to convert x86_64-pc-linux-gnu file names to toolchain format
configure:7065: result: func_convert_file_noop
configure:7072: checking for /usr/bin/ld option to reload object files
configure:7080: result: -r
configure:7114: checking for x86_64-pc-linux-gnu-objdump
configure:7149: result: no
configure:7159: checking for objdump
configure:7180: found /usr/bin/objdump
configure:7191: result: objdump
configure:7223: checking how to recognize dependent libraries
configure:7424: result: pass_all
configure:7469: checking for x86_64-pc-linux-gnu-dlltool
configure:7504: result: no
configure:7514: checking for dlltool
configure:7549: result: no
configure:7579: checking how to associate runtime and link libraries
configure:7607: result: printf %s\n
configure:7624: checking for x86_64-pc-linux-gnu-ar
configure:7656: result: ar
configure:7742: checking for archiver @FILE support
configure:7760: gcc -m64 -c -pipe -O2  -I/home/administrator/walletbuilders/build_environment/dash/20.0.1/depends/x86_64-pc-linux-gnu/include/  conftest.c >&5
configure:7760: $? = 0
configure:7764: ar cr libconftest.a @conftest.lst >&5
configure:7767: $? = 0
configure:7772: ar cr libconftest.a @conftest.lst >&5
ar: conftest.o: No such file or directory
configure:7775: $? = 1
configure:7787: result: @
configure:7805: checking for x86_64-pc-linux-gnu-strip
configure:7837: result: strip
configure:7914: checking for x86_64-pc-linux-gnu-ranlib
configure:7946: result: ranlib
configure:8093: checking command to parse nm output from gcc -m64 object
configure:8247: gcc -m64 -c -pipe -O2  -I/home/administrator/walletbuilders/build_environment/dash/20.0.1/depends/x86_64-pc-linux-gnu/include/  conftest.c >&5
configure:8250: $? = 0
configure:8254: nm conftest.o | sed -n -e 's/^.*[	 ]\([ABCDGIRSTW][ABCDGIRSTW]*\)[	 ][	 ]*\([_A-Za-z][_A-Za-z0-9]*\)$/\1 \2 \2/p' | sed '/ __gnu_lto/d' > conftest.nm
configure:8320: gcc -m64 -o conftest -pipe -O2  -I/home/administrator/walletbuilders/build_environment/dash/20.0.1/depends/x86_64-pc-linux-gnu/include/  -L/home/administrator/walletbuilders/build_environment/dash/20.0.1/depends/x86_64-pc-linux-gnu/lib  conftest.c conftstm.o >&5
configure:8323: $? = 0
configure:8361: result: ok
configure:8408: checking for sysroot
configure:8439: result: no
configure:8446: checking for a working dd
configure:8490: result: /usr/bin/dd
configure:8494: checking how to truncate binary pipes
configure:8510: result: /usr/bin/dd bs=4096 count=1
configure:8647: gcc -m64 -c -pipe -O2  -I/home/administrator/walletbuilders/build_environment/dash/20.0.1/depends/x86_64-pc-linux-gnu/include/  conftest.c >&5
configure:8650: $? = 0
configure:8802: checking for x86_64-pc-linux-gnu-mt
configure:8837: result: no
configure:8847: checking for mt
configure:8868: found /usr/bin/mt
configure:8879: result: mt
configure:8902: checking if mt is a manifest tool
configure:8909: mt '-?'
configure:8917: result: no
configure:9647: checking for stdio.h
configure:9647: gcc -m64 -c -pipe -O2  -I/home/administrator/walletbuilders/build_environment/dash/20.0.1/depends/x86_64-pc-linux-gnu/include/  conftest.c >&5
configure:9647: $? = 0
configure:9647: result: yes
configure:9647: checking for stdlib.h
configure:9647: gcc -m64 -c -pipe -O2  -I/home/administrator/walletbuilders/build_environment/dash/20.0.1/depends/x86_64-pc-linux-gnu/include/  conftest.c >&5
configure:9647: $? = 0
configure:9647: result: yes
configure:9647: checking for string.h
configure:9647: gcc -m64 -c -pipe -O2  -I/home/administrator/walletbuilders/build_environment/dash/20.0.1/depends/x86_64-pc-linux-gnu/include/  conftest.c >&5
configure:9647: $? = 0
configure:9647: result: yes
configure:9647: checking for inttypes.h
configure:9647: gcc -m64 -c -pipe -O2  -I/home/administrator/walletbuilders/build_environment/dash/20.0.1/depends/x86_64-pc-linux-gnu/include/  conftest.c >&5
configure:9647: $? = 0
configure:9647: result: yes
configure:9647: checking for stdint.h
configure:9647: gcc -m64 -c -pipe -O2  -I/home/administrator/walletbuilders/build_environment/dash/20.0.1/depends/x86_64-pc-linux-gnu/include/  conftest.c >&5
configure:9647: $? = 0
configure:9647: result: yes
configure:9647: checking for strings.h
configure:9647: gcc -m64 -c -pipe -O2  -I/home/administrator/walletbuilders/build_environment/dash/20.0.1/depends/x86_64-pc-linux-gnu/include/  conftest.c >&5
configure:9647: $? = 0
configure:9647: result: yes
configure:9647: checking for sys/stat.h
configure:9647: gcc -m64 -c -pipe -O2  -I/home/administrator/walletbuilders/build_environment/dash/20.0.1/depends/x86_64-pc-linux-gnu/include/  conftest.c >&5
configure:9647: $? = 0
configure:9647: result: yes
configure:9647: checking for sys/types.h
configure:9647: gcc -m64 -c -pipe -O2  -I/home/administrator/walletbuilders/build_environment/dash/20.0.1/depends/x86_64-pc-linux-gnu/include/  conftest.c >&5
configure:9647: $? = 0
configure:9647: result: yes
configure:9647: checking for unistd.h
configure:9647: gcc -m64 -c -pipe -O2  -I/home/administrator/walletbuilders/build_environment/dash/20.0.1/depends/x86_64-pc-linux-gnu/include/  conftest.c >&5
configure:9647: $? = 0
configure:9647: result: yes
configure:9672: checking for dlfcn.h
configure:9672: gcc -m64 -c -pipe -O2  -I/home/administrator/walletbuilders/build_environment/dash/20.0.1/depends/x86_64-pc-linux-gnu/include/  conftest.c >&5
configure:9672: $? = 0
configure:9672: result: yes
configure:9940: checking for objdir
configure:9956: result: .libs
configure:10220: checking if gcc -m64 supports -fno-rtti -fno-exceptions
configure:10239: gcc -m64 -c -pipe -O2  -I/home/administrator/walletbuilders/build_environment/dash/20.0.1/depends/x86_64-pc-linux-gnu/include/  -fno-rtti -fno-exceptions conftest.c >&5
cc1: warning: command-line option '-fno-rtti' is valid for C++/D/ObjC++ but not for C
configure:10243: $? = 0
configure:10256: result: no
configure:10620: checking for gcc -m64 option to produce PIC
configure:10628: result: -fPIC -DPIC
configure:10636: checking if gcc -m64 PIC flag -fPIC -DPIC works
configure:10655: gcc -m64 -c -pipe -O2  -I/home/administrator/walletbuilders/build_environment/dash/20.0.1/depends/x86_64-pc-linux-gnu/include/  -fPIC -DPIC -DPIC conftest.c >&5
configure:10659: $? = 0
configure:10672: result: yes
configure:10701: checking if gcc -m64 static flag -static works
configure:10730: result: yes
configure:10745: checking if gcc -m64 supports -c -o file.o
configure:10767: gcc -m64 -c -pipe -O2  -I/home/administrator/walletbuilders/build_environment/dash/20.0.1/depends/x86_64-pc-linux-gnu/include/  -o out/conftest2.o conftest.c >&5
configure:10771: $? = 0
configure:10793: result: yes
configure:10801: checking if gcc -m64 supports -c -o file.o
configure:10849: result: yes
configure:10882: checking whether the gcc -m64 linker (/usr/bin/ld -m elf_x86_64) supports shared libraries
configure:12152: result: yes
configure:12393: checking dynamic linker characteristics
configure:12975: gcc -m64 -o conftest -pipe -O2  -I/home/administrator/walletbuilders/build_environment/dash/20.0.1/depends/x86_64-pc-linux-gnu/include/  -L/home/administrator/walletbuilders/build_environment/dash/20.0.1/depends/x86_64-pc-linux-gnu/lib  -Wl,-rpath -Wl,/foo conftest.c  >&5
configure:12975: $? = 0
configure:13226: result: GNU/Linux ld.so
configure:13348: checking how to hardcode library paths into programs
configure:13373: result: immediate
configure:13925: checking whether stripping libraries is possible
configure:13930: result: yes
configure:13965: checking if libtool supports shared libraries
configure:13967: result: yes
configure:13970: checking whether to build shared libraries
configure:13995: result: no
configure:13998: checking whether to build static libraries
configure:14002: result: yes
configure:14025: checking how to run the C++ preprocessor
configure:14047: g++ -m64 -std=c++14 -E -I/home/administrator/walletbuilders/build_environment/dash/20.0.1/depends/x86_64-pc-linux-gnu/include/  conftest.cpp
configure:14047: $? = 0
configure:14062: g++ -m64 -std=c++14 -E -I/home/administrator/walletbuilders/build_environment/dash/20.0.1/depends/x86_64-pc-linux-gnu/include/  conftest.cpp
conftest.cpp:22:10: fatal error: ac_nonexistent.h: No such file or directory
   22 | #include <ac_nonexistent.h>
      |          ^~~~~~~~~~~~~~~~~~
compilation terminated.
configure:14062: $? = 1
configure: failed program was:
| /* confdefs.h */
| #define PACKAGE_NAME "libdashbls"
| #define PACKAGE_TARNAME "libdashbls"
| #define PACKAGE_VERSION "1.3.0"
| #define PACKAGE_STRING "libdashbls 1.3.0"
| #define PACKAGE_BUGREPORT ""
| #define PACKAGE_URL ""
| #define HAVE_CXX14 1
| #define HAVE_STDIO_H 1
| #define HAVE_STDLIB_H 1
| #define HAVE_STRING_H 1
| #define HAVE_INTTYPES_H 1
| #define HAVE_STDINT_H 1
| #define HAVE_STRINGS_H 1
| #define HAVE_SYS_STAT_H 1
| #define HAVE_SYS_TYPES_H 1
| #define HAVE_UNISTD_H 1
| #define STDC_HEADERS 1
| #define HAVE_DLFCN_H 1
| #define LT_OBJDIR ".libs/"
| /* end confdefs.h.  */
| #include <ac_nonexistent.h>
configure:14089: result: g++ -m64 -std=c++14 -E
configure:14103: g++ -m64 -std=c++14 -E -I/home/administrator/walletbuilders/build_environment/dash/20.0.1/depends/x86_64-pc-linux-gnu/include/  conftest.cpp
configure:14103: $? = 0
configure:14118: g++ -m64 -std=c++14 -E -I/home/administrator/walletbuilders/build_environment/dash/20.0.1/depends/x86_64-pc-linux-gnu/include/  conftest.cpp
conftest.cpp:22:10: fatal error: ac_nonexistent.h: No such file or directory
   22 | #include <ac_nonexistent.h>
      |          ^~~~~~~~~~~~~~~~~~
compilation terminated.
configure:14118: $? = 1
configure: failed program was:
| /* confdefs.h */
| #define PACKAGE_NAME "libdashbls"
| #define PACKAGE_TARNAME "libdashbls"
| #define PACKAGE_VERSION "1.3.0"
| #define PACKAGE_STRING "libdashbls 1.3.0"
| #define PACKAGE_BUGREPORT ""
| #define PACKAGE_URL ""
| #define HAVE_CXX14 1
| #define HAVE_STDIO_H 1
| #define HAVE_STDLIB_H 1
| #define HAVE_STRING_H 1
| #define HAVE_INTTYPES_H 1
| #define HAVE_STDINT_H 1
| #define HAVE_STRINGS_H 1
| #define HAVE_SYS_STAT_H 1
| #define HAVE_SYS_TYPES_H 1
| #define HAVE_UNISTD_H 1
| #define STDC_HEADERS 1
| #define HAVE_DLFCN_H 1
| #define LT_OBJDIR ".libs/"
| /* end confdefs.h.  */
| #include <ac_nonexistent.h>
configure:14283: checking for ld used by g++ -m64 -std=c++14
configure:14351: result: /usr/bin/ld -m elf_x86_64
configure:14358: checking if the linker (/usr/bin/ld -m elf_x86_64) is GNU ld
configure:14374: result: yes
configure:14429: checking whether the g++ -m64 -std=c++14 linker (/usr/bin/ld -m elf_x86_64) supports shared libraries
configure:15506: result: yes
configure:15542: g++ -m64 -std=c++14 -c -pipe -static-libstdc++ -O2  -I/home/administrator/walletbuilders/build_environment/dash/20.0.1/depends/x86_64-pc-linux-gnu/include/  conftest.cpp >&5
configure:15545: $? = 0
configure:16026: checking for g++ -m64 -std=c++14 option to produce PIC
configure:16034: result: -fPIC -DPIC
configure:16042: checking if g++ -m64 -std=c++14 PIC flag -fPIC -DPIC works
configure:16061: g++ -m64 -std=c++14 -c -pipe -static-libstdc++ -O2  -I/home/administrator/walletbuilders/build_environment/dash/20.0.1/depends/x86_64-pc-linux-gnu/include/  -fPIC -DPIC -DPIC conftest.cpp >&5
configure:16065: $? = 0
configure:16078: result: yes
configure:16101: checking if g++ -m64 -std=c++14 static flag -static works
configure:16130: result: yes
configure:16142: checking if g++ -m64 -std=c++14 supports -c -o file.o
configure:16164: g++ -m64 -std=c++14 -c -pipe -static-libstdc++ -O2  -I/home/administrator/walletbuilders/build_environment/dash/20.0.1/depends/x86_64-pc-linux-gnu/include/  -o out/conftest2.o conftest.cpp >&5
configure:16168: $? = 0
configure:16190: result: yes
configure:16195: checking if g++ -m64 -std=c++14 supports -c -o file.o
configure:16243: result: yes
configure:16273: checking whether the g++ -m64 -std=c++14 linker (/usr/bin/ld -m elf_x86_64) supports shared libraries
configure:16316: result: yes
configure:16458: checking dynamic linker characteristics
configure:17218: result: GNU/Linux ld.so
configure:17283: checking how to hardcode library paths into programs
configure:17308: result: immediate
configure:17373: checking for x86_64-pc-linux-gnu-ar
configure:17411: result: no
configure:17421: checking for ar
configure:17456: result: ar
configure:17481: checking for x86_64-pc-linux-gnu-ranlib
configure:17519: result: no
configure:17529: checking for ranlib
configure:17564: result: ranlib
configure:17589: checking for x86_64-pc-linux-gnu-strip
configure:17627: result: no
configure:17637: checking for strip
configure:17660: found /usr/bin/strip
configure:17672: result: /usr/bin/strip
configure:17704: checking dependency style of gcc -m64
configure:17814: result: gcc3
configure:17911: checking for gmp.h
configure:17911: gcc -m64 -c -pipe -O2   -I/home/administrator/walletbuilders/build_environment/dash/20.0.1/depends/x86_64-pc-linux-gnu/include/  conftest.c >&5
configure:17911: $? = 0
configure:17911: result: yes
configure:17914: checking for __gmpz_init in -lgmp
configure:17937: gcc -m64 -o conftest -pipe -O2   -I/home/administrator/walletbuilders/build_environment/dash/20.0.1/depends/x86_64-pc-linux-gnu/include/  -L/home/administrator/walletbuilders/build_environment/dash/20.0.1/depends/x86_64-pc-linux-gnu/lib  conftest.c -lgmp    >&5
configure:17937: $? = 0
configure:17947: result: yes
configure:18665: checking for x86_64-pc-linux-gnu-pkg-config
configure:18700: result: /usr/bin/pkg-config --static
configure:18773: checking pkg-config is at least version 0.9.0
configure:18776: result: yes
configure:18792: checking if gcc -m64 supports -pipe
configure:18798: gcc -m64 -c -pipe -O2  -pipe -I/home/administrator/walletbuilders/build_environment/dash/20.0.1/depends/x86_64-pc-linux-gnu/include/  conftest.c >&5
configure:18798: $? = 0
configure:18800: result: yes
configure:18812: checking if gcc -m64 supports -fomit-frame-pointer
configure:18818: gcc -m64 -c -pipe -O2  -pipe -fomit-frame-pointer -I/home/administrator/walletbuilders/build_environment/dash/20.0.1/depends/x86_64-pc-linux-gnu/include/  conftest.c >&5
configure:18818: $? = 0
configure:18820: result: yes
configure:18836: checking whether C compiler accepts -Wall
configure:18856: gcc -m64 -c -pipe -O2  -pipe -fomit-frame-pointer  -Wall -I/home/administrator/walletbuilders/build_environment/dash/20.0.1/depends/x86_64-pc-linux-gnu/include/  conftest.c >&5
configure:18856: $? = 0
configure:18865: result: yes
configure:18874: checking whether C compiler accepts -Wextra
configure:18894: gcc -m64 -c -pipe -O2  -pipe -fomit-frame-pointer  -Wextra -I/home/administrator/walletbuilders/build_environment/dash/20.0.1/depends/x86_64-pc-linux-gnu/include/  conftest.c >&5
configure:18894: $? = 0
configure:18903: result: yes
configure:18912: checking whether C compiler accepts -Wcast-align
configure:18932: gcc -m64 -c -pipe -O2  -pipe -fomit-frame-pointer  -Wcast-align -I/home/administrator/walletbuilders/build_environment/dash/20.0.1/depends/x86_64-pc-linux-gnu/include/  conftest.c >&5
configure:18932: $? = 0
configure:18941: result: yes
configure:18950: checking whether C compiler accepts -Wunused-parameter
configure:18970: gcc -m64 -c -pipe -O2  -pipe -fomit-frame-pointer  -Wunused-parameter -I/home/administrator/walletbuilders/build_environment/dash/20.0.1/depends/x86_64-pc-linux-gnu/include/  conftest.c >&5
configure:18970: $? = 0
configure:18979: result: yes
configure:18988: checking whether C compiler accepts -Wshadow
configure:19008: gcc -m64 -c -pipe -O2  -pipe -fomit-frame-pointer  -Wshadow -I/home/administrator/walletbuilders/build_environment/dash/20.0.1/depends/x86_64-pc-linux-gnu/include/  conftest.c >&5
configure:19008: $? = 0
configure:19017: result: yes
configure:19026: checking whether C compiler accepts -Wsign-compare
configure:19046: gcc -m64 -c -pipe -O2  -pipe -fomit-frame-pointer  -Wsign-compare -I/home/administrator/walletbuilders/build_environment/dash/20.0.1/depends/x86_64-pc-linux-gnu/include/  conftest.c >&5
configure:19046: $? = 0
configure:19055: result: yes
configure:19064: checking whether C compiler accepts -Wstrict-prototypes
configure:19084: gcc -m64 -c -pipe -O2  -pipe -fomit-frame-pointer  -Wstrict-prototypes -I/home/administrator/walletbuilders/build_environment/dash/20.0.1/depends/x86_64-pc-linux-gnu/include/  conftest.c >&5
configure:19084: $? = 0
configure:19093: result: yes
configure:19102: checking whether C compiler accepts -Wunused-function
configure:19122: gcc -m64 -c -pipe -O2  -pipe -fomit-frame-pointer  -Wunused-function -I/home/administrator/walletbuilders/build_environment/dash/20.0.1/depends/x86_64-pc-linux-gnu/include/  conftest.c >&5
configure:19122: $? = 0
configure:19131: result: yes
configure:19140: checking whether C compiler accepts -Wlong-long
configure:19160: gcc -m64 -c -pipe -O2  -pipe -fomit-frame-pointer  -Wlong-long -I/home/administrator/walletbuilders/build_environment/dash/20.0.1/depends/x86_64-pc-linux-gnu/include/  conftest.c >&5
configure:19160: $? = 0
configure:19169: result: yes
configure:19505: checking how to run the C preprocessor
configure:19531: gcc -m64 -E -I/home/administrator/walletbuilders/build_environment/dash/20.0.1/depends/x86_64-pc-linux-gnu/include/  conftest.c
configure:19531: $? = 0
configure:19546: gcc -m64 -E -I/home/administrator/walletbuilders/build_environment/dash/20.0.1/depends/x86_64-pc-linux-gnu/include/  conftest.c
conftest.c:213:10: fatal error: ac_nonexistent.h: No such file or directory
  213 | #include <ac_nonexistent.h>
      |          ^~~~~~~~~~~~~~~~~~
compilation terminated.
configure:19546: $? = 1
configure: failed program was:
| /* confdefs.h */
| #define PACKAGE_NAME "libdashbls"
| #define PACKAGE_TARNAME "libdashbls"
| #define PACKAGE_VERSION "1.3.0"
| #define PACKAGE_STRING "libdashbls 1.3.0"
| #define PACKAGE_BUGREPORT ""
| #define PACKAGE_URL ""
| #define HAVE_CXX14 1
| #define HAVE_STDIO_H 1
| #define HAVE_STDLIB_H 1
| #define HAVE_STRING_H 1
| #define HAVE_INTTYPES_H 1
| #define HAVE_STDINT_H 1
| #define HAVE_STRINGS_H 1
| #define HAVE_SYS_STAT_H 1
| #define HAVE_SYS_TYPES_H 1
| #define HAVE_UNISTD_H 1
| #define STDC_HEADERS 1
| #define HAVE_DLFCN_H 1
| #define LT_OBJDIR ".libs/"
| #define RLC_VERSION "0.5.0"
| #define AVR 1
| #define MSP 2
| #define ARM 3
| #define X86 4
| #define X64 5
| #define RELIC_NONE 0
| #define EASY 1
| #define GMP 2
| #define GMP_SEC 3
| #define ARITH GMP
| #define OPENMP 1
| #define PTHREAD 2
| #define LINUX 1
| #define FREEBSD 2
| #define MACOSX 3
| #define WINDOWS 4
| #define DROID 5
| #define DUINO 6
| #define HREAL 1
| #define HPROC 2
| #define HTHRD 3
| #define ANSI 5
| #define POSIX 4
| #define CYCLE 6
| #define PERF 7
| #define AUTO 1
| #define DYNAMIC 2
| #define PKCS1 2
| #define PKCS2 3
| #define SH224 2
| #define SH256 3
| #define SH384 4
| #define SH512 5
| #define B2S160 6
| #define B2S256 7
| #define HASHD 1
| #define RDRND 2
| #define UDEV 3
| #define CALL 4
| #define LIBC 1
| #define WCGR 4
| #define SINGLE 1
| #define CARRY 2
| #define DOUBLE 3
| #define BASIC 1
| #define PRIME 1
| #define TATEP 1
| #define COMBA 2
| #define LEHME 2
| #define SAFEP 2
| #define QUICK 2
| #define BINAR 2
| #define LAZYR 2
| #define LODAH 2
| #define SLIDE 2
| #define PROJC 2
| #define COMBS 2
| #define TRICK 2
| #define CHAR2 2
| #define WEILP 2
| #define MONTY 3
| #define STEIN 3
| #define STRON 3
| #define INTEG 3
| #define INTER 3
| #define ALMOS 3
| #define JACOB 3
| #define COMBD 3
| #define HALVE 3
| #define EDDIE 3
| #define EXTND 3
| #define OATEP 3
| #define PMERS 4
| #define MULTP 4
| #define EXGCD 4
| #define LWNAF 4
| #define JOINT 4
| #define DIVST 5
| #define ITOHT 5
| #define LWREG 5
| #define BRUCH 6
| #define CTAIA 7
| #define LOWER 8
| #define QUIET 1
| #define COLOR 1
| #define ARCH X64
| #define WSIZE 64
| #define OPSYS LINUX
| #define FP_QNRES /**/
| #define SEED UDEV
| #define ALIGN 1
| #define WITH_BN /**/
| #define WITH_DV /**/
| #define WITH_FP /**/
| #define WITH_FPX /**/
| #define WITH_FB /**/
| #define WITH_FBX /**/
| #define WITH_EP /**/
| #define WITH_EPX /**/
| #define WITH_EB /**/
| #define WITH_ED /**/
| #define WITH_EC /**/
| #define WITH_PP /**/
| #define WITH_PC /**/
| #define WITH_BC /**/
| #define WITH_MD /**/
| #define WITH_CP /**/
| #define WITH_MPC /**/
| #define BN_PRECI 1024
| #define BN_KARAT 0
| #define BN_MAGNI DOUBLE
| #define BN_METHD "COMBA;COMBA;MONTY;SLIDE;BASIC;BASIC"
| #define BN_MUL COMBA
| #define BN_SQR COMBA
| #define BN_MOD MONTY
| #define BN_MXP SLIDE
| #define BN_GCD BASIC
| #define BN_GEN BASIC
| #define FP_PRIME 381
| #define FP_METHD "INTEG;INTEG;INTEG;MONTY;LOWER;SLIDE"
| #define FP_KARAT 0
| #define FP_WIDTH 4
| #define FP_ADD INTEG
| #define FP_MUL INTEG
| #define FP_SQR INTEG
| #define FP_RDC MONTY
| #define FP_INV LOWER
| #define FP_EXP SLIDE
| #define FPX_METHD "INTEG;INTEG;LAZYR"
| #define FPX_QDR INTEG
| #define FPX_CBC INTEG
| #define FPX_RDC LAZYR
| #define FB_METHD "LODAH;QUICK;QUICK;QUICK;QUICK;QUICK;EXGCD;SLIDE;QUICK"
| #define FB_POLYN 283
| #define FB_KARAT 0
| #define FB_TRINO /**/
| #define FB_PRECO /**/
| #define FB_WIDTH 4
| #define FB_MUL LODAH
| #define FB_SQR QUICK
| #define FB_RDC QUICK
| #define FB_SRT QUICK
| #define FB_TRC QUICK
| #define FB_SLV QUICK
| #define FB_INV EXGCD
| #define FB_EXP SLIDE
| #define FB_ITR QUICK
| #define EP_METHD "PROJC;LWNAF;COMBS;INTER"
| #define EP_ENDOM /**/
| #define EP_MIXED /**/
| #define EP_PRECO /**/
| #define EP_CTMAP /**/
| #define EP_DEPTH 4
| #define EP_WIDTH 4
| #define EP_ADD PROJC
| #define EP_MUL LWNAF
| #define EP_FIX COMBS
| #define EP_SIM INTER
| #define EB_METHD "PROJC;LWNAF;COMBS;INTER"
| #define EB_PLAIN /**/
| #define EB_KBLTZ /**/
| #define EB_MIXED /**/
| #define EB_PRECO /**/
| #define EB_DEPTH 4
| #define EB_WIDTH 4
| #define EB_ADD PROJC
| #define EB_MUL LWNAF
| #define EB_FIX COMBS
| #define EB_SIM INTER
| #define ED_METHD "PROJC;LWNAF;COMBS;INTER"
| #define ED_PRECO /**/
| #define ED_DEPTH 4
| #define ED_WIDTH 4
| #define ED_ADD PROJC
| #define ED_MUL LWNAF
| #define ED_FIX COMBS
| #define ED_SIM INTER
| #define EC_METHD "PRIME"
| #define EC_CUR PRIME
| #define PP_METHD "LAZYR;OATEP"
| #define PP_EXT LAZYR
| #define PP_MAP OATEP
| #define MD_METHD "SH256"
| #define MD_MAP SH256
| #define CP_CRT /**/
| #define CP_RSAPD PKCS2
| #define ALLOC AUTO
| #define RAND HASHD
| #define MULTI PTHREAD
| #define TIMER CYCLE
| /* end confdefs.h.  */
| #include <ac_nonexistent.h>
configure:19573: result: gcc -m64 -E
configure:19587: gcc -m64 -E -I/home/administrator/walletbuilders/build_environment/dash/20.0.1/depends/x86_64-pc-linux-gnu/include/  conftest.c
configure:19587: $? = 0
configure:19602: gcc -m64 -E -I/home/administrator/walletbuilders/build_environment/dash/20.0.1/depends/x86_64-pc-linux-gnu/include/  conftest.c
conftest.c:213:10: fatal error: ac_nonexistent.h: No such file or directory
  213 | #include <ac_nonexistent.h>
      |          ^~~~~~~~~~~~~~~~~~
compilation terminated.
configure:19602: $? = 1
configure: failed program was:
| /* confdefs.h */
| #define PACKAGE_NAME "libdashbls"
| #define PACKAGE_TARNAME "libdashbls"
| #define PACKAGE_VERSION "1.3.0"
| #define PACKAGE_STRING "libdashbls 1.3.0"
| #define PACKAGE_BUGREPORT ""
| #define PACKAGE_URL ""
| #define HAVE_CXX14 1
| #define HAVE_STDIO_H 1
| #define HAVE_STDLIB_H 1
| #define HAVE_STRING_H 1
| #define HAVE_INTTYPES_H 1
| #define HAVE_STDINT_H 1
| #define HAVE_STRINGS_H 1
| #define HAVE_SYS_STAT_H 1
| #define HAVE_SYS_TYPES_H 1
| #define HAVE_UNISTD_H 1
| #define STDC_HEADERS 1
| #define HAVE_DLFCN_H 1
| #define LT_OBJDIR ".libs/"
| #define RLC_VERSION "0.5.0"
| #define AVR 1
| #define MSP 2
| #define ARM 3
| #define X86 4
| #define X64 5
| #define RELIC_NONE 0
| #define EASY 1
| #define GMP 2
| #define GMP_SEC 3
| #define ARITH GMP
| #define OPENMP 1
| #define PTHREAD 2
| #define LINUX 1
| #define FREEBSD 2
| #define MACOSX 3
| #define WINDOWS 4
| #define DROID 5
| #define DUINO 6
| #define HREAL 1
| #define HPROC 2
| #define HTHRD 3
| #define ANSI 5
| #define POSIX 4
| #define CYCLE 6
| #define PERF 7
| #define AUTO 1
| #define DYNAMIC 2
| #define PKCS1 2
| #define PKCS2 3
| #define SH224 2
| #define SH256 3
| #define SH384 4
| #define SH512 5
| #define B2S160 6
| #define B2S256 7
| #define HASHD 1
| #define RDRND 2
| #define UDEV 3
| #define CALL 4
| #define LIBC 1
| #define WCGR 4
| #define SINGLE 1
| #define CARRY 2
| #define DOUBLE 3
| #define BASIC 1
| #define PRIME 1
| #define TATEP 1
| #define COMBA 2
| #define LEHME 2
| #define SAFEP 2
| #define QUICK 2
| #define BINAR 2
| #define LAZYR 2
| #define LODAH 2
| #define SLIDE 2
| #define PROJC 2
| #define COMBS 2
| #define TRICK 2
| #define CHAR2 2
| #define WEILP 2
| #define MONTY 3
| #define STEIN 3
| #define STRON 3
| #define INTEG 3
| #define INTER 3
| #define ALMOS 3
| #define JACOB 3
| #define COMBD 3
| #define HALVE 3
| #define EDDIE 3
| #define EXTND 3
| #define OATEP 3
| #define PMERS 4
| #define MULTP 4
| #define EXGCD 4
| #define LWNAF 4
| #define JOINT 4
| #define DIVST 5
| #define ITOHT 5
| #define LWREG 5
| #define BRUCH 6
| #define CTAIA 7
| #define LOWER 8
| #define QUIET 1
| #define COLOR 1
| #define ARCH X64
| #define WSIZE 64
| #define OPSYS LINUX
| #define FP_QNRES /**/
| #define SEED UDEV
| #define ALIGN 1
| #define WITH_BN /**/
| #define WITH_DV /**/
| #define WITH_FP /**/
| #define WITH_FPX /**/
| #define WITH_FB /**/
| #define WITH_FBX /**/
| #define WITH_EP /**/
| #define WITH_EPX /**/
| #define WITH_EB /**/
| #define WITH_ED /**/
| #define WITH_EC /**/
| #define WITH_PP /**/
| #define WITH_PC /**/
| #define WITH_BC /**/
| #define WITH_MD /**/
| #define WITH_CP /**/
| #define WITH_MPC /**/
| #define BN_PRECI 1024
| #define BN_KARAT 0
| #define BN_MAGNI DOUBLE
| #define BN_METHD "COMBA;COMBA;MONTY;SLIDE;BASIC;BASIC"
| #define BN_MUL COMBA
| #define BN_SQR COMBA
| #define BN_MOD MONTY
| #define BN_MXP SLIDE
| #define BN_GCD BASIC
| #define BN_GEN BASIC
| #define FP_PRIME 381
| #define FP_METHD "INTEG;INTEG;INTEG;MONTY;LOWER;SLIDE"
| #define FP_KARAT 0
| #define FP_WIDTH 4
| #define FP_ADD INTEG
| #define FP_MUL INTEG
| #define FP_SQR INTEG
| #define FP_RDC MONTY
| #define FP_INV LOWER
| #define FP_EXP SLIDE
| #define FPX_METHD "INTEG;INTEG;LAZYR"
| #define FPX_QDR INTEG
| #define FPX_CBC INTEG
| #define FPX_RDC LAZYR
| #define FB_METHD "LODAH;QUICK;QUICK;QUICK;QUICK;QUICK;EXGCD;SLIDE;QUICK"
| #define FB_POLYN 283
| #define FB_KARAT 0
| #define FB_TRINO /**/
| #define FB_PRECO /**/
| #define FB_WIDTH 4
| #define FB_MUL LODAH
| #define FB_SQR QUICK
| #define FB_RDC QUICK
| #define FB_SRT QUICK
| #define FB_TRC QUICK
| #define FB_SLV QUICK
| #define FB_INV EXGCD
| #define FB_EXP SLIDE
| #define FB_ITR QUICK
| #define EP_METHD "PROJC;LWNAF;COMBS;INTER"
| #define EP_ENDOM /**/
| #define EP_MIXED /**/
| #define EP_PRECO /**/
| #define EP_CTMAP /**/
| #define EP_DEPTH 4
| #define EP_WIDTH 4
| #define EP_ADD PROJC
| #define EP_MUL LWNAF
| #define EP_FIX COMBS
| #define EP_SIM INTER
| #define EB_METHD "PROJC;LWNAF;COMBS;INTER"
| #define EB_PLAIN /**/
| #define EB_KBLTZ /**/
| #define EB_MIXED /**/
| #define EB_PRECO /**/
| #define EB_DEPTH 4
| #define EB_WIDTH 4
| #define EB_ADD PROJC
| #define EB_MUL LWNAF
| #define EB_FIX COMBS
| #define EB_SIM INTER
| #define ED_METHD "PROJC;LWNAF;COMBS;INTER"
| #define ED_PRECO /**/
| #define ED_DEPTH 4
| #define ED_WIDTH 4
| #define ED_ADD PROJC
| #define ED_MUL LWNAF
| #define ED_FIX COMBS
| #define ED_SIM INTER
| #define EC_METHD "PRIME"
| #define EC_CUR PRIME
| #define PP_METHD "LAZYR;OATEP"
| #define PP_EXT LAZYR
| #define PP_MAP OATEP
| #define MD_METHD "SH256"
| #define MD_MAP SH256
| #define CP_CRT /**/
| #define CP_RSAPD PKCS2
| #define ALLOC AUTO
| #define RAND HASHD
| #define MULTI PTHREAD
| #define TIMER CYCLE
| /* end confdefs.h.  */
| #include <ac_nonexistent.h>
configure:19793: checking whether gcc -m64 is Clang
configure:19820: result: no
configure:19885: checking whether pthreads work with "-pthread" and "-lpthread"
configure:19996: gcc -m64 -o conftest -pipe -O2  -pipe -fomit-frame-pointer -pthread -I/home/administrator/walletbuilders/build_environment/dash/20.0.1/depends/x86_64-pc-linux-gnu/include/  -L/home/administrator/walletbuilders/build_environment/dash/20.0.1/depends/x86_64-pc-linux-gnu/lib  conftest.c -lpthread  >&5
configure:19996: $? = 0
configure:20006: result: yes
configure:20129: checking for joinable pthread attribute
configure:20148: gcc -m64 -o conftest -pipe -O2  -pipe -fomit-frame-pointer -pthread -I/home/administrator/walletbuilders/build_environment/dash/20.0.1/depends/x86_64-pc-linux-gnu/include/  -L/home/administrator/walletbuilders/build_environment/dash/20.0.1/depends/x86_64-pc-linux-gnu/lib  conftest.c -lpthread  >&5
configure:20148: $? = 0
configure:20157: result: PTHREAD_CREATE_JOINABLE
configure:20170: checking whether more special flags are required for pthreads
configure:20184: result: no
configure:20193: checking for PTHREAD_PRIO_INHERIT
configure:20211: gcc -m64 -o conftest -pipe -O2  -pipe -fomit-frame-pointer -pthread -I/home/administrator/walletbuilders/build_environment/dash/20.0.1/depends/x86_64-pc-linux-gnu/include/  -L/home/administrator/walletbuilders/build_environment/dash/20.0.1/depends/x86_64-pc-linux-gnu/lib  conftest.c -lpthread  >&5
configure:20211: $? = 0
configure:20221: result: yes
configure:20397: checking for library containing clock_gettime
configure:20427: gcc -m64 -o conftest -pipe -O2  -pipe -fomit-frame-pointer -I/home/administrator/walletbuilders/build_environment/dash/20.0.1/depends/x86_64-pc-linux-gnu/include/  -L/home/administrator/walletbuilders/build_environment/dash/20.0.1/depends/x86_64-pc-linux-gnu/lib  conftest.c  >&5
configure:20427: $? = 0
configure:20447: result: none required
configure:20458: checking whether C compiler accepts -fPIC
configure:20478: gcc -m64 -c -pipe -O2  -pipe -fomit-frame-pointer  -fPIC -I/home/administrator/walletbuilders/build_environment/dash/20.0.1/depends/x86_64-pc-linux-gnu/include/  conftest.c >&5
configure:20478: $? = 0
configure:20487: result: yes
configure:20498: checking whether C compiler accepts -fstack-reuse=none
configure:20518: gcc -m64 -c -pipe -O2  -pipe -fomit-frame-pointer  -fstack-reuse=none -I/home/administrator/walletbuilders/build_environment/dash/20.0.1/depends/x86_64-pc-linux-gnu/include/  conftest.c >&5
configure:20518: $? = 0
configure:20527: result: yes
configure:20538: checking whether C compiler accepts -Wstack-protector
configure:20558: gcc -m64 -c -pipe -O2  -pipe -fomit-frame-pointer  -Wstack-protector -I/home/administrator/walletbuilders/build_environment/dash/20.0.1/depends/x86_64-pc-linux-gnu/include/  conftest.c >&5
configure:20558: $? = 0
configure:20567: result: yes
configure:20576: checking whether C compiler accepts -fstack-protector-all
configure:20596: gcc -m64 -c -pipe -O2  -pipe -fomit-frame-pointer  -fstack-protector-all -I/home/administrator/walletbuilders/build_environment/dash/20.0.1/depends/x86_64-pc-linux-gnu/include/  conftest.c >&5
configure:20596: $? = 0
configure:20605: result: yes
configure:20615: checking whether C compiler accepts -fcf-protection=full
configure:20635: gcc -m64 -c -pipe -O2  -pipe -fomit-frame-pointer  -fcf-protection=full -I/home/administrator/walletbuilders/build_environment/dash/20.0.1/depends/x86_64-pc-linux-gnu/include/  conftest.c >&5
configure:20635: $? = 0
configure:20644: result: yes
configure:20658: checking whether C compiler accepts -fstack-clash-protection
configure:20678: gcc -m64 -c -pipe -O2  -pipe -fomit-frame-pointer  -fstack-clash-protection -I/home/administrator/walletbuilders/build_environment/dash/20.0.1/depends/x86_64-pc-linux-gnu/include/  conftest.c >&5
configure:20678: $? = 0
configure:20687: result: yes
configure:20699: checking whether the linker accepts -Wl,--enable-reloc-section
configure:20719: gcc -m64 -o conftest -pipe -O2  -pipe -fomit-frame-pointer -I/home/administrator/walletbuilders/build_environment/dash/20.0.1/depends/x86_64-pc-linux-gnu/include/  -L/home/administrator/walletbuilders/build_environment/dash/20.0.1/depends/x86_64-pc-linux-gnu/lib   -Wl,--enable-reloc-section conftest.c  >&5
/usr/bin/ld: unrecognized option '--enable-reloc-section'
/usr/bin/ld: use the --help option for usage information
collect2: error: ld returned 1 exit status
configure:20719: $? = 1
configure: failed program was:
| /* confdefs.h */
| #define PACKAGE_NAME "libdashbls"
| #define PACKAGE_TARNAME "libdashbls"
| #define PACKAGE_VERSION "1.3.0"
| #define PACKAGE_STRING "libdashbls 1.3.0"
| #define PACKAGE_BUGREPORT ""
| #define PACKAGE_URL ""
| #define HAVE_CXX14 1
| #define HAVE_STDIO_H 1
| #define HAVE_STDLIB_H 1
| #define HAVE_STRING_H 1
| #define HAVE_INTTYPES_H 1
| #define HAVE_STDINT_H 1
| #define HAVE_STRINGS_H 1
| #define HAVE_SYS_STAT_H 1
| #define HAVE_SYS_TYPES_H 1
| #define HAVE_UNISTD_H 1
| #define STDC_HEADERS 1
| #define HAVE_DLFCN_H 1
| #define LT_OBJDIR ".libs/"
| #define RLC_VERSION "0.5.0"
| #define AVR 1
| #define MSP 2
| #define ARM 3
| #define X86 4
| #define X64 5
| #define RELIC_NONE 0
| #define EASY 1
| #define GMP 2
| #define GMP_SEC 3
| #define ARITH GMP
| #define OPENMP 1
| #define PTHREAD 2
| #define LINUX 1
| #define FREEBSD 2
| #define MACOSX 3
| #define WINDOWS 4
| #define DROID 5
| #define DUINO 6
| #define HREAL 1
| #define HPROC 2
| #define HTHRD 3
| #define ANSI 5
| #define POSIX 4
| #define CYCLE 6
| #define PERF 7
| #define AUTO 1
| #define DYNAMIC 2
| #define PKCS1 2
| #define PKCS2 3
| #define SH224 2
| #define SH256 3
| #define SH384 4
| #define SH512 5
| #define B2S160 6
| #define B2S256 7
| #define HASHD 1
| #define RDRND 2
| #define UDEV 3
| #define CALL 4
| #define LIBC 1
| #define WCGR 4
| #define SINGLE 1
| #define CARRY 2
| #define DOUBLE 3
| #define BASIC 1
| #define PRIME 1
| #define TATEP 1
| #define COMBA 2
| #define LEHME 2
| #define SAFEP 2
| #define QUICK 2
| #define BINAR 2
| #define LAZYR 2
| #define LODAH 2
| #define SLIDE 2
| #define PROJC 2
| #define COMBS 2
| #define TRICK 2
| #define CHAR2 2
| #define WEILP 2
| #define MONTY 3
| #define STEIN 3
| #define STRON 3
| #define INTEG 3
| #define INTER 3
| #define ALMOS 3
| #define JACOB 3
| #define COMBD 3
| #define HALVE 3
| #define EDDIE 3
| #define EXTND 3
| #define OATEP 3
| #define PMERS 4
| #define MULTP 4
| #define EXGCD 4
| #define LWNAF 4
| #define JOINT 4
| #define DIVST 5
| #define ITOHT 5
| #define LWREG 5
| #define BRUCH 6
| #define CTAIA 7
| #define LOWER 8
| #define QUIET 1
| #define COLOR 1
| #define ARCH X64
| #define WSIZE 64
| #define OPSYS LINUX
| #define FP_QNRES /**/
| #define SEED UDEV
| #define ALIGN 1
| #define WITH_BN /**/
| #define WITH_DV /**/
| #define WITH_FP /**/
| #define WITH_FPX /**/
| #define WITH_FB /**/
| #define WITH_FBX /**/
| #define WITH_EP /**/
| #define WITH_EPX /**/
| #define WITH_EB /**/
| #define WITH_ED /**/
| #define WITH_EC /**/
| #define WITH_PP /**/
| #define WITH_PC /**/
| #define WITH_BC /**/
| #define WITH_MD /**/
| #define WITH_CP /**/
| #define WITH_MPC /**/
| #define BN_PRECI 1024
| #define BN_KARAT 0
| #define BN_MAGNI DOUBLE
| #define BN_METHD "COMBA;COMBA;MONTY;SLIDE;BASIC;BASIC"
| #define BN_MUL COMBA
| #define BN_SQR COMBA
| #define BN_MOD MONTY
| #define BN_MXP SLIDE
| #define BN_GCD BASIC
| #define BN_GEN BASIC
| #define FP_PRIME 381
| #define FP_METHD "INTEG;INTEG;INTEG;MONTY;LOWER;SLIDE"
| #define FP_KARAT 0
| #define FP_WIDTH 4
| #define FP_ADD INTEG
| #define FP_MUL INTEG
| #define FP_SQR INTEG
| #define FP_RDC MONTY
| #define FP_INV LOWER
| #define FP_EXP SLIDE
| #define FPX_METHD "INTEG;INTEG;LAZYR"
| #define FPX_QDR INTEG
| #define FPX_CBC INTEG
| #define FPX_RDC LAZYR
| #define FB_METHD "LODAH;QUICK;QUICK;QUICK;QUICK;QUICK;EXGCD;SLIDE;QUICK"
| #define FB_POLYN 283
| #define FB_KARAT 0
| #define FB_TRINO /**/
| #define FB_PRECO /**/
| #define FB_WIDTH 4
| #define FB_MUL LODAH
| #define FB_SQR QUICK
| #define FB_RDC QUICK
| #define FB_SRT QUICK
| #define FB_TRC QUICK
| #define FB_SLV QUICK
| #define FB_INV EXGCD
| #define FB_EXP SLIDE
| #define FB_ITR QUICK
| #define EP_METHD "PROJC;LWNAF;COMBS;INTER"
| #define EP_ENDOM /**/
| #define EP_MIXED /**/
| #define EP_PRECO /**/
| #define EP_CTMAP /**/
| #define EP_DEPTH 4
| #define EP_WIDTH 4
| #define EP_ADD PROJC
| #define EP_MUL LWNAF
| #define EP_FIX COMBS
| #define EP_SIM INTER
| #define EB_METHD "PROJC;LWNAF;COMBS;INTER"
| #define EB_PLAIN /**/
| #define EB_KBLTZ /**/
| #define EB_MIXED /**/
| #define EB_PRECO /**/
| #define EB_DEPTH 4
| #define EB_WIDTH 4
| #define EB_ADD PROJC
| #define EB_MUL LWNAF
| #define EB_FIX COMBS
| #define EB_SIM INTER
| #define ED_METHD "PROJC;LWNAF;COMBS;INTER"
| #define ED_PRECO /**/
| #define ED_DEPTH 4
| #define ED_WIDTH 4
| #define ED_ADD PROJC
| #define ED_MUL LWNAF
| #define ED_FIX COMBS
| #define ED_SIM INTER
| #define EC_METHD "PRIME"
| #define EC_CUR PRIME
| #define PP_METHD "LAZYR;OATEP"
| #define PP_EXT LAZYR
| #define PP_MAP OATEP
| #define MD_METHD "SH256"
| #define MD_MAP SH256
| #define CP_CRT /**/
| #define CP_RSAPD PKCS2
| #define ALLOC AUTO
| #define RAND HASHD
| #define MULTI PTHREAD
| #define TIMER CYCLE
| #define HAVE_PTHREAD_PRIO_INHERIT 1
| #define HAVE_PTHREAD 1
| /* end confdefs.h.  */
| 
| int
| main (void)
| {
| 
|   ;
|   return 0;
| }
configure:20729: result: no
configure:20738: checking whether the linker accepts -Wl,--dynamicbase
configure:20758: gcc -m64 -o conftest -pipe -O2  -pipe -fomit-frame-pointer -I/home/administrator/walletbuilders/build_environment/dash/20.0.1/depends/x86_64-pc-linux-gnu/include/  -L/home/administrator/walletbuilders/build_environment/dash/20.0.1/depends/x86_64-pc-linux-gnu/lib   -Wl,--dynamicbase conftest.c  >&5
/usr/bin/ld: unrecognized option '--dynamicbase'
/usr/bin/ld: use the --help option for usage information
collect2: error: ld returned 1 exit status
configure:20758: $? = 1
configure: failed program was:
| /* confdefs.h */
| #define PACKAGE_NAME "libdashbls"
| #define PACKAGE_TARNAME "libdashbls"
| #define PACKAGE_VERSION "1.3.0"
| #define PACKAGE_STRING "libdashbls 1.3.0"
| #define PACKAGE_BUGREPORT ""
| #define PACKAGE_URL ""
| #define HAVE_CXX14 1
| #define HAVE_STDIO_H 1
| #define HAVE_STDLIB_H 1
| #define HAVE_STRING_H 1
| #define HAVE_INTTYPES_H 1
| #define HAVE_STDINT_H 1
| #define HAVE_STRINGS_H 1
| #define HAVE_SYS_STAT_H 1
| #define HAVE_SYS_TYPES_H 1
| #define HAVE_UNISTD_H 1
| #define STDC_HEADERS 1
| #define HAVE_DLFCN_H 1
| #define LT_OBJDIR ".libs/"
| #define RLC_VERSION "0.5.0"
| #define AVR 1
| #define MSP 2
| #define ARM 3
| #define X86 4
| #define X64 5
| #define RELIC_NONE 0
| #define EASY 1
| #define GMP 2
| #define GMP_SEC 3
| #define ARITH GMP
| #define OPENMP 1
| #define PTHREAD 2
| #define LINUX 1
| #define FREEBSD 2
| #define MACOSX 3
| #define WINDOWS 4
| #define DROID 5
| #define DUINO 6
| #define HREAL 1
| #define HPROC 2
| #define HTHRD 3
| #define ANSI 5
| #define POSIX 4
| #define CYCLE 6
| #define PERF 7
| #define AUTO 1
| #define DYNAMIC 2
| #define PKCS1 2
| #define PKCS2 3
| #define SH224 2
| #define SH256 3
| #define SH384 4
| #define SH512 5
| #define B2S160 6
| #define B2S256 7
| #define HASHD 1
| #define RDRND 2
| #define UDEV 3
| #define CALL 4
| #define LIBC 1
| #define WCGR 4
| #define SINGLE 1
| #define CARRY 2
| #define DOUBLE 3
| #define BASIC 1
| #define PRIME 1
| #define TATEP 1
| #define COMBA 2
| #define LEHME 2
| #define SAFEP 2
| #define QUICK 2
| #define BINAR 2
| #define LAZYR 2
| #define LODAH 2
| #define SLIDE 2
| #define PROJC 2
| #define COMBS 2
| #define TRICK 2
| #define CHAR2 2
| #define WEILP 2
| #define MONTY 3
| #define STEIN 3
| #define STRON 3
| #define INTEG 3
| #define INTER 3
| #define ALMOS 3
| #define JACOB 3
| #define COMBD 3
| #define HALVE 3
| #define EDDIE 3
| #define EXTND 3
| #define OATEP 3
| #define PMERS 4
| #define MULTP 4
| #define EXGCD 4
| #define LWNAF 4
| #define JOINT 4
| #define DIVST 5
| #define ITOHT 5
| #define LWREG 5
| #define BRUCH 6
| #define CTAIA 7
| #define LOWER 8
| #define QUIET 1
| #define COLOR 1
| #define ARCH X64
| #define WSIZE 64
| #define OPSYS LINUX
| #define FP_QNRES /**/
| #define SEED UDEV
| #define ALIGN 1
| #define WITH_BN /**/
| #define WITH_DV /**/
| #define WITH_FP /**/
| #define WITH_FPX /**/
| #define WITH_FB /**/
| #define WITH_FBX /**/
| #define WITH_EP /**/
| #define WITH_EPX /**/
| #define WITH_EB /**/
| #define WITH_ED /**/
| #define WITH_EC /**/
| #define WITH_PP /**/
| #define WITH_PC /**/
| #define WITH_BC /**/
| #define WITH_MD /**/
| #define WITH_CP /**/
| #define WITH_MPC /**/
| #define BN_PRECI 1024
| #define BN_KARAT 0
| #define BN_MAGNI DOUBLE
| #define BN_METHD "COMBA;COMBA;MONTY;SLIDE;BASIC;BASIC"
| #define BN_MUL COMBA
| #define BN_SQR COMBA
| #define BN_MOD MONTY
| #define BN_MXP SLIDE
| #define BN_GCD BASIC
| #define BN_GEN BASIC
| #define FP_PRIME 381
| #define FP_METHD "INTEG;INTEG;INTEG;MONTY;LOWER;SLIDE"
| #define FP_KARAT 0
| #define FP_WIDTH 4
| #define FP_ADD INTEG
| #define FP_MUL INTEG
| #define FP_SQR INTEG
| #define FP_RDC MONTY
| #define FP_INV LOWER
| #define FP_EXP SLIDE
| #define FPX_METHD "INTEG;INTEG;LAZYR"
| #define FPX_QDR INTEG
| #define FPX_CBC INTEG
| #define FPX_RDC LAZYR
| #define FB_METHD "LODAH;QUICK;QUICK;QUICK;QUICK;QUICK;EXGCD;SLIDE;QUICK"
| #define FB_POLYN 283
| #define FB_KARAT 0
| #define FB_TRINO /**/
| #define FB_PRECO /**/
| #define FB_WIDTH 4
| #define FB_MUL LODAH
| #define FB_SQR QUICK
| #define FB_RDC QUICK
| #define FB_SRT QUICK
| #define FB_TRC QUICK
| #define FB_SLV QUICK
| #define FB_INV EXGCD
| #define FB_EXP SLIDE
| #define FB_ITR QUICK
| #define EP_METHD "PROJC;LWNAF;COMBS;INTER"
| #define EP_ENDOM /**/
| #define EP_MIXED /**/
| #define EP_PRECO /**/
| #define EP_CTMAP /**/
| #define EP_DEPTH 4
| #define EP_WIDTH 4
| #define EP_ADD PROJC
| #define EP_MUL LWNAF
| #define EP_FIX COMBS
| #define EP_SIM INTER
| #define EB_METHD "PROJC;LWNAF;COMBS;INTER"
| #define EB_PLAIN /**/
| #define EB_KBLTZ /**/
| #define EB_MIXED /**/
| #define EB_PRECO /**/
| #define EB_DEPTH 4
| #define EB_WIDTH 4
| #define EB_ADD PROJC
| #define EB_MUL LWNAF
| #define EB_FIX COMBS
| #define EB_SIM INTER
| #define ED_METHD "PROJC;LWNAF;COMBS;INTER"
| #define ED_PRECO /**/
| #define ED_DEPTH 4
| #define ED_WIDTH 4
| #define ED_ADD PROJC
| #define ED_MUL LWNAF
| #define ED_FIX COMBS
| #define ED_SIM INTER
| #define EC_METHD "PRIME"
| #define EC_CUR PRIME
| #define PP_METHD "LAZYR;OATEP"
| #define PP_EXT LAZYR
| #define PP_MAP OATEP
| #define MD_METHD "SH256"
| #define MD_MAP SH256
| #define CP_CRT /**/
| #define CP_RSAPD PKCS2
| #define ALLOC AUTO
| #define RAND HASHD
| #define MULTI PTHREAD
| #define TIMER CYCLE
| #define HAVE_PTHREAD_PRIO_INHERIT 1
| #define HAVE_PTHREAD 1
| /* end confdefs.h.  */
| 
| int
| main (void)
| {
| 
|   ;
|   return 0;
| }
configure:20768: result: no
configure:20777: checking whether the linker accepts -Wl,--nxcompat
configure:20797: gcc -m64 -o conftest -pipe -O2  -pipe -fomit-frame-pointer -I/home/administrator/walletbuilders/build_environment/dash/20.0.1/depends/x86_64-pc-linux-gnu/include/  -L/home/administrator/walletbuilders/build_environment/dash/20.0.1/depends/x86_64-pc-linux-gnu/lib   -Wl,--nxcompat conftest.c  >&5
/usr/bin/ld: unrecognized option '--nxcompat'
/usr/bin/ld: use the --help option for usage information
collect2: error: ld returned 1 exit status
configure:20797: $? = 1
configure: failed program was:
| /* confdefs.h */
| #define PACKAGE_NAME "libdashbls"
| #define PACKAGE_TARNAME "libdashbls"
| #define PACKAGE_VERSION "1.3.0"
| #define PACKAGE_STRING "libdashbls 1.3.0"
| #define PACKAGE_BUGREPORT ""
| #define PACKAGE_URL ""
| #define HAVE_CXX14 1
| #define HAVE_STDIO_H 1
| #define HAVE_STDLIB_H 1
| #define HAVE_STRING_H 1
| #define HAVE_INTTYPES_H 1
| #define HAVE_STDINT_H 1
| #define HAVE_STRINGS_H 1
| #define HAVE_SYS_STAT_H 1
| #define HAVE_SYS_TYPES_H 1
| #define HAVE_UNISTD_H 1
| #define STDC_HEADERS 1
| #define HAVE_DLFCN_H 1
| #define LT_OBJDIR ".libs/"
| #define RLC_VERSION "0.5.0"
| #define AVR 1
| #define MSP 2
| #define ARM 3
| #define X86 4
| #define X64 5
| #define RELIC_NONE 0
| #define EASY 1
| #define GMP 2
| #define GMP_SEC 3
| #define ARITH GMP
| #define OPENMP 1
| #define PTHREAD 2
| #define LINUX 1
| #define FREEBSD 2
| #define MACOSX 3
| #define WINDOWS 4
| #define DROID 5
| #define DUINO 6
| #define HREAL 1
| #define HPROC 2
| #define HTHRD 3
| #define ANSI 5
| #define POSIX 4
| #define CYCLE 6
| #define PERF 7
| #define AUTO 1
| #define DYNAMIC 2
| #define PKCS1 2
| #define PKCS2 3
| #define SH224 2
| #define SH256 3
| #define SH384 4
| #define SH512 5
| #define B2S160 6
| #define B2S256 7
| #define HASHD 1
| #define RDRND 2
| #define UDEV 3
| #define CALL 4
| #define LIBC 1
| #define WCGR 4
| #define SINGLE 1
| #define CARRY 2
| #define DOUBLE 3
| #define BASIC 1
| #define PRIME 1
| #define TATEP 1
| #define COMBA 2
| #define LEHME 2
| #define SAFEP 2
| #define QUICK 2
| #define BINAR 2
| #define LAZYR 2
| #define LODAH 2
| #define SLIDE 2
| #define PROJC 2
| #define COMBS 2
| #define TRICK 2
| #define CHAR2 2
| #define WEILP 2
| #define MONTY 3
| #define STEIN 3
| #define STRON 3
| #define INTEG 3
| #define INTER 3
| #define ALMOS 3
| #define JACOB 3
| #define COMBD 3
| #define HALVE 3
| #define EDDIE 3
| #define EXTND 3
| #define OATEP 3
| #define PMERS 4
| #define MULTP 4
| #define EXGCD 4
| #define LWNAF 4
| #define JOINT 4
| #define DIVST 5
| #define ITOHT 5
| #define LWREG 5
| #define BRUCH 6
| #define CTAIA 7
| #define LOWER 8
| #define QUIET 1
| #define COLOR 1
| #define ARCH X64
| #define WSIZE 64
| #define OPSYS LINUX
| #define FP_QNRES /**/
| #define SEED UDEV
| #define ALIGN 1
| #define WITH_BN /**/
| #define WITH_DV /**/
| #define WITH_FP /**/
| #define WITH_FPX /**/
| #define WITH_FB /**/
| #define WITH_FBX /**/
| #define WITH_EP /**/
| #define WITH_EPX /**/
| #define WITH_EB /**/
| #define WITH_ED /**/
| #define WITH_EC /**/
| #define WITH_PP /**/
| #define WITH_PC /**/
| #define WITH_BC /**/
| #define WITH_MD /**/
| #define WITH_CP /**/
| #define WITH_MPC /**/
| #define BN_PRECI 1024
| #define BN_KARAT 0
| #define BN_MAGNI DOUBLE
| #define BN_METHD "COMBA;COMBA;MONTY;SLIDE;BASIC;BASIC"
| #define BN_MUL COMBA
| #define BN_SQR COMBA
| #define BN_MOD MONTY
| #define BN_MXP SLIDE
| #define BN_GCD BASIC
| #define BN_GEN BASIC
| #define FP_PRIME 381
| #define FP_METHD "INTEG;INTEG;INTEG;MONTY;LOWER;SLIDE"
| #define FP_KARAT 0
| #define FP_WIDTH 4
| #define FP_ADD INTEG
| #define FP_MUL INTEG
| #define FP_SQR INTEG
| #define FP_RDC MONTY
| #define FP_INV LOWER
| #define FP_EXP SLIDE
| #define FPX_METHD "INTEG;INTEG;LAZYR"
| #define FPX_QDR INTEG
| #define FPX_CBC INTEG
| #define FPX_RDC LAZYR
| #define FB_METHD "LODAH;QUICK;QUICK;QUICK;QUICK;QUICK;EXGCD;SLIDE;QUICK"
| #define FB_POLYN 283
| #define FB_KARAT 0
| #define FB_TRINO /**/
| #define FB_PRECO /**/
| #define FB_WIDTH 4
| #define FB_MUL LODAH
| #define FB_SQR QUICK
| #define FB_RDC QUICK
| #define FB_SRT QUICK
| #define FB_TRC QUICK
| #define FB_SLV QUICK
| #define FB_INV EXGCD
| #define FB_EXP SLIDE
| #define FB_ITR QUICK
| #define EP_METHD "PROJC;LWNAF;COMBS;INTER"
| #define EP_ENDOM /**/
| #define EP_MIXED /**/
| #define EP_PRECO /**/
| #define EP_CTMAP /**/
| #define EP_DEPTH 4
| #define EP_WIDTH 4
| #define EP_ADD PROJC
| #define EP_MUL LWNAF
| #define EP_FIX COMBS
| #define EP_SIM INTER
| #define EB_METHD "PROJC;LWNAF;COMBS;INTER"
| #define EB_PLAIN /**/
| #define EB_KBLTZ /**/
| #define EB_MIXED /**/
| #define EB_PRECO /**/
| #define EB_DEPTH 4
| #define EB_WIDTH 4
| #define EB_ADD PROJC
| #define EB_MUL LWNAF
| #define EB_FIX COMBS
| #define EB_SIM INTER
| #define ED_METHD "PROJC;LWNAF;COMBS;INTER"
| #define ED_PRECO /**/
| #define ED_DEPTH 4
| #define ED_WIDTH 4
| #define ED_ADD PROJC
| #define ED_MUL LWNAF
| #define ED_FIX COMBS
| #define ED_SIM INTER
| #define EC_METHD "PRIME"
| #define EC_CUR PRIME
| #define PP_METHD "LAZYR;OATEP"
| #define PP_EXT LAZYR
| #define PP_MAP OATEP
| #define MD_METHD "SH256"
| #define MD_MAP SH256
| #define CP_CRT /**/
| #define CP_RSAPD PKCS2
| #define ALLOC AUTO
| #define RAND HASHD
| #define MULTI PTHREAD
| #define TIMER CYCLE
| #define HAVE_PTHREAD_PRIO_INHERIT 1
| #define HAVE_PTHREAD 1
| /* end confdefs.h.  */
| 
| int
| main (void)
| {
| 
|   ;
|   return 0;
| }
configure:20807: result: no
configure:20816: checking whether the linker accepts -Wl,--high-entropy-va
configure:20836: gcc -m64 -o conftest -pipe -O2  -pipe -fomit-frame-pointer -I/home/administrator/walletbuilders/build_environment/dash/20.0.1/depends/x86_64-pc-linux-gnu/include/  -L/home/administrator/walletbuilders/build_environment/dash/20.0.1/depends/x86_64-pc-linux-gnu/lib   -Wl,--high-entropy-va conftest.c  >&5
/usr/bin/ld: unrecognized option '--high-entropy-va'
/usr/bin/ld: use the --help option for usage information
collect2: error: ld returned 1 exit status
configure:20836: $? = 1
configure: failed program was:
| /* confdefs.h */
| #define PACKAGE_NAME "libdashbls"
| #define PACKAGE_TARNAME "libdashbls"
| #define PACKAGE_VERSION "1.3.0"
| #define PACKAGE_STRING "libdashbls 1.3.0"
| #define PACKAGE_BUGREPORT ""
| #define PACKAGE_URL ""
| #define HAVE_CXX14 1
| #define HAVE_STDIO_H 1
| #define HAVE_STDLIB_H 1
| #define HAVE_STRING_H 1
| #define HAVE_INTTYPES_H 1
| #define HAVE_STDINT_H 1
| #define HAVE_STRINGS_H 1
| #define HAVE_SYS_STAT_H 1
| #define HAVE_SYS_TYPES_H 1
| #define HAVE_UNISTD_H 1
| #define STDC_HEADERS 1
| #define HAVE_DLFCN_H 1
| #define LT_OBJDIR ".libs/"
| #define RLC_VERSION "0.5.0"
| #define AVR 1
| #define MSP 2
| #define ARM 3
| #define X86 4
| #define X64 5
| #define RELIC_NONE 0
| #define EASY 1
| #define GMP 2
| #define GMP_SEC 3
| #define ARITH GMP
| #define OPENMP 1
| #define PTHREAD 2
| #define LINUX 1
| #define FREEBSD 2
| #define MACOSX 3
| #define WINDOWS 4
| #define DROID 5
| #define DUINO 6
| #define HREAL 1
| #define HPROC 2
| #define HTHRD 3
| #define ANSI 5
| #define POSIX 4
| #define CYCLE 6
| #define PERF 7
| #define AUTO 1
| #define DYNAMIC 2
| #define PKCS1 2
| #define PKCS2 3
| #define SH224 2
| #define SH256 3
| #define SH384 4
| #define SH512 5
| #define B2S160 6
| #define B2S256 7
| #define HASHD 1
| #define RDRND 2
| #define UDEV 3
| #define CALL 4
| #define LIBC 1
| #define WCGR 4
| #define SINGLE 1
| #define CARRY 2
| #define DOUBLE 3
| #define BASIC 1
| #define PRIME 1
| #define TATEP 1
| #define COMBA 2
| #define LEHME 2
| #define SAFEP 2
| #define QUICK 2
| #define BINAR 2
| #define LAZYR 2
| #define LODAH 2
| #define SLIDE 2
| #define PROJC 2
| #define COMBS 2
| #define TRICK 2
| #define CHAR2 2
| #define WEILP 2
| #define MONTY 3
| #define STEIN 3
| #define STRON 3
| #define INTEG 3
| #define INTER 3
| #define ALMOS 3
| #define JACOB 3
| #define COMBD 3
| #define HALVE 3
| #define EDDIE 3
| #define EXTND 3
| #define OATEP 3
| #define PMERS 4
| #define MULTP 4
| #define EXGCD 4
| #define LWNAF 4
| #define JOINT 4
| #define DIVST 5
| #define ITOHT 5
| #define LWREG 5
| #define BRUCH 6
| #define CTAIA 7
| #define LOWER 8
| #define QUIET 1
| #define COLOR 1
| #define ARCH X64
| #define WSIZE 64
| #define OPSYS LINUX
| #define FP_QNRES /**/
| #define SEED UDEV
| #define ALIGN 1
| #define WITH_BN /**/
| #define WITH_DV /**/
| #define WITH_FP /**/
| #define WITH_FPX /**/
| #define WITH_FB /**/
| #define WITH_FBX /**/
| #define WITH_EP /**/
| #define WITH_EPX /**/
| #define WITH_EB /**/
| #define WITH_ED /**/
| #define WITH_EC /**/
| #define WITH_PP /**/
| #define WITH_PC /**/
| #define WITH_BC /**/
| #define WITH_MD /**/
| #define WITH_CP /**/
| #define WITH_MPC /**/
| #define BN_PRECI 1024
| #define BN_KARAT 0
| #define BN_MAGNI DOUBLE
| #define BN_METHD "COMBA;COMBA;MONTY;SLIDE;BASIC;BASIC"
| #define BN_MUL COMBA
| #define BN_SQR COMBA
| #define BN_MOD MONTY
| #define BN_MXP SLIDE
| #define BN_GCD BASIC
| #define BN_GEN BASIC
| #define FP_PRIME 381
| #define FP_METHD "INTEG;INTEG;INTEG;MONTY;LOWER;SLIDE"
| #define FP_KARAT 0
| #define FP_WIDTH 4
| #define FP_ADD INTEG
| #define FP_MUL INTEG
| #define FP_SQR INTEG
| #define FP_RDC MONTY
| #define FP_INV LOWER
| #define FP_EXP SLIDE
| #define FPX_METHD "INTEG;INTEG;LAZYR"
| #define FPX_QDR INTEG
| #define FPX_CBC INTEG
| #define FPX_RDC LAZYR
| #define FB_METHD "LODAH;QUICK;QUICK;QUICK;QUICK;QUICK;EXGCD;SLIDE;QUICK"
| #define FB_POLYN 283
| #define FB_KARAT 0
| #define FB_TRINO /**/
| #define FB_PRECO /**/
| #define FB_WIDTH 4
| #define FB_MUL LODAH
| #define FB_SQR QUICK
| #define FB_RDC QUICK
| #define FB_SRT QUICK
| #define FB_TRC QUICK
| #define FB_SLV QUICK
| #define FB_INV EXGCD
| #define FB_EXP SLIDE
| #define FB_ITR QUICK
| #define EP_METHD "PROJC;LWNAF;COMBS;INTER"
| #define EP_ENDOM /**/
| #define EP_MIXED /**/
| #define EP_PRECO /**/
| #define EP_CTMAP /**/
| #define EP_DEPTH 4
| #define EP_WIDTH 4
| #define EP_ADD PROJC
| #define EP_MUL LWNAF
| #define EP_FIX COMBS
| #define EP_SIM INTER
| #define EB_METHD "PROJC;LWNAF;COMBS;INTER"
| #define EB_PLAIN /**/
| #define EB_KBLTZ /**/
| #define EB_MIXED /**/
| #define EB_PRECO /**/
| #define EB_DEPTH 4
| #define EB_WIDTH 4
| #define EB_ADD PROJC
| #define EB_MUL LWNAF
| #define EB_FIX COMBS
| #define EB_SIM INTER
| #define ED_METHD "PROJC;LWNAF;COMBS;INTER"
| #define ED_PRECO /**/
| #define ED_DEPTH 4
| #define ED_WIDTH 4
| #define ED_ADD PROJC
| #define ED_MUL LWNAF
| #define ED_FIX COMBS
| #define ED_SIM INTER
| #define EC_METHD "PRIME"
| #define EC_CUR PRIME
| #define PP_METHD "LAZYR;OATEP"
| #define PP_EXT LAZYR
| #define PP_MAP OATEP
| #define MD_METHD "SH256"
| #define MD_MAP SH256
| #define CP_CRT /**/
| #define CP_RSAPD PKCS2
| #define ALLOC AUTO
| #define RAND HASHD
| #define MULTI PTHREAD
| #define TIMER CYCLE
| #define HAVE_PTHREAD_PRIO_INHERIT 1
| #define HAVE_PTHREAD 1
| /* end confdefs.h.  */
| 
| int
| main (void)
| {
| 
|   ;
|   return 0;
| }
configure:20846: result: no
configure:20855: checking whether the linker accepts -Wl,-z,relro
configure:20875: gcc -m64 -o conftest -pipe -O2  -pipe -fomit-frame-pointer -I/home/administrator/walletbuilders/build_environment/dash/20.0.1/depends/x86_64-pc-linux-gnu/include/  -L/home/administrator/walletbuilders/build_environment/dash/20.0.1/depends/x86_64-pc-linux-gnu/lib   -Wl,-z,relro conftest.c  >&5
configure:20875: $? = 0
configure:20885: result: yes
configure:20894: checking whether the linker accepts -Wl,-z,now
configure:20914: gcc -m64 -o conftest -pipe -O2  -pipe -fomit-frame-pointer -I/home/administrator/walletbuilders/build_environment/dash/20.0.1/depends/x86_64-pc-linux-gnu/include/  -L/home/administrator/walletbuilders/build_environment/dash/20.0.1/depends/x86_64-pc-linux-gnu/lib   -Wl,-z,now conftest.c  >&5
configure:20914: $? = 0
configure:20924: result: yes
configure:20933: checking whether the linker accepts -Wl,-z,separate-code
configure:20953: gcc -m64 -o conftest -pipe -O2  -pipe -fomit-frame-pointer -I/home/administrator/walletbuilders/build_environment/dash/20.0.1/depends/x86_64-pc-linux-gnu/include/  -L/home/administrator/walletbuilders/build_environment/dash/20.0.1/depends/x86_64-pc-linux-gnu/lib   -Wl,-z,separate-code conftest.c  >&5
configure:20953: $? = 0
configure:20963: result: yes
configure:20972: checking whether the linker accepts -fPIE -pie
configure:20992: gcc -m64 -o conftest -pipe -O2  -pipe -fomit-frame-pointer -I/home/administrator/walletbuilders/build_environment/dash/20.0.1/depends/x86_64-pc-linux-gnu/include/  -L/home/administrator/walletbuilders/build_environment/dash/20.0.1/depends/x86_64-pc-linux-gnu/lib   -fPIE -pie conftest.c  >&5
configure:20992: $? = 0
configure:21002: result: yes
configure:21541: checking whether C compiler accepts -fno-extended-identifiers
configure:21561: gcc -m64 -c -pipe -O2  -pipe -fomit-frame-pointer  -fno-extended-identifiers -I/home/administrator/walletbuilders/build_environment/dash/20.0.1/depends/x86_64-pc-linux-gnu/include/  conftest.c >&5
configure:21561: $? = 0
configure:21570: result: yes
configure:21580: checking whether to build runtest
configure:21583: result: yes
configure:21592: checking whether to build runbench
configure:21595: result: yes
configure:21934: checking that generated files are newer than configure
configure:21940: result: done
configure:22075: creating ./config.status

## ---------------------- ##
## Running config.status. ##
## ---------------------- ##

This file was extended by libdashbls config.status 1.3.0, which was
generated by GNU Autoconf 2.71.  Invocation command line was

  CONFIG_FILES    = 
  CONFIG_HEADERS  = 
  CONFIG_LINKS    = 
  CONFIG_COMMANDS = 
  $ ./config.status 

on bld

config.status:1422: creating Makefile
config.status:1422: creating depends/relic/include/relic_conf.h
config.status:1651: executing depfiles commands
config.status:1728: cd .       && sed -e '/# am--include-marker/d' Makefile         | make -f - am--depfiles
make: Nothing to be done for 'am--depfiles'.
config.status:1733: $? = 0
config.status:1651: executing libtool commands

## ---------------- ##
## Cache variables. ##
## ---------------- ##

ac_cv_build=x86_64-pc-linux-gnu
ac_cv_c_compiler_gnu=yes
ac_cv_cxx_compiler_gnu=yes
ac_cv_env_ARFLAGS_set=
ac_cv_env_ARFLAGS_value=
ac_cv_env_CCASFLAGS_set=
ac_cv_env_CCASFLAGS_value=
ac_cv_env_CCAS_set=
ac_cv_env_CCAS_value=
ac_cv_env_CCC_set=
ac_cv_env_CCC_value=
ac_cv_env_CC_set=
ac_cv_env_CC_value=
ac_cv_env_CFLAGS_set=
ac_cv_env_CFLAGS_value=
ac_cv_env_CPPFLAGS_set=
ac_cv_env_CPPFLAGS_value=
ac_cv_env_CPP_set=
ac_cv_env_CPP_value=
ac_cv_env_CXXCPP_set=
ac_cv_env_CXXCPP_value=
ac_cv_env_CXXFLAGS_set=
ac_cv_env_CXXFLAGS_value=
ac_cv_env_CXX_set=
ac_cv_env_CXX_value=
ac_cv_env_LDFLAGS_set=
ac_cv_env_LDFLAGS_value=
ac_cv_env_LIBS_set=
ac_cv_env_LIBS_value=
ac_cv_env_LT_SYS_LIBRARY_PATH_set=
ac_cv_env_LT_SYS_LIBRARY_PATH_value=
ac_cv_env_PKG_CONFIG_LIBDIR_set=
ac_cv_env_PKG_CONFIG_LIBDIR_value=
ac_cv_env_PKG_CONFIG_PATH_set=
ac_cv_env_PKG_CONFIG_PATH_value=
ac_cv_env_PKG_CONFIG_set=
ac_cv_env_PKG_CONFIG_value=
ac_cv_env_build_alias_set=
ac_cv_env_build_alias_value=
ac_cv_env_host_alias_set=
ac_cv_env_host_alias_value=
ac_cv_env_target_alias_set=
ac_cv_env_target_alias_value=
ac_cv_header_dlfcn_h=yes
ac_cv_header_gmp_h=yes
ac_cv_header_inttypes_h=yes
ac_cv_header_stdint_h=yes
ac_cv_header_stdio_h=yes
ac_cv_header_stdlib_h=yes
ac_cv_header_string_h=yes
ac_cv_header_strings_h=yes
ac_cv_header_sys_stat_h=yes
ac_cv_header_sys_types_h=yes
ac_cv_header_unistd_h=yes
ac_cv_host=x86_64-pc-linux-gnu
ac_cv_lib_gmp___gmpz_init=yes
ac_cv_objext=o
ac_cv_path_EGREP='/usr/bin/grep -E'
ac_cv_path_FGREP='/usr/bin/grep -F'
ac_cv_path_GREP=/usr/bin/grep
ac_cv_path_PKG_CONFIG='/usr/bin/pkg-config --static'
ac_cv_path_SED=/usr/bin/sed
ac_cv_path_ac_pt_AR=ar
ac_cv_path_ac_pt_NM=nm
ac_cv_path_ac_pt_RANLIB=ranlib
ac_cv_path_ac_pt_STRIP=/usr/bin/strip
ac_cv_path_install='/usr/bin/install -c'
ac_cv_path_lt_DD=/usr/bin/dd
ac_cv_path_mkdir=/usr/bin/mkdir
ac_cv_prog_AR=ar
ac_cv_prog_AWK=gawk
ac_cv_prog_CC='gcc -m64'
ac_cv_prog_CPP='gcc -m64 -E'
ac_cv_prog_CXXCPP='g++ -m64 -std=c++14 -E'
ac_cv_prog_RANLIB=ranlib
ac_cv_prog_STRIP=strip
ac_cv_prog_ac_ct_MANIFEST_TOOL=mt
ac_cv_prog_ac_ct_OBJDUMP=objdump
ac_cv_prog_ac_ct_STRIP=strip
ac_cv_prog_cc_c11=
ac_cv_prog_cc_g=yes
ac_cv_prog_cc_stdc=
ac_cv_prog_cxx_11=no
ac_cv_prog_cxx_cxx11=
ac_cv_prog_cxx_g=yes
ac_cv_prog_cxx_stdcxx=
ac_cv_prog_make_make_set=yes
ac_cv_search_clock_gettime='none required'
am_cv_CCAS_dependencies_compiler_type=gcc3
am_cv_CC_dependencies_compiler_type=gcc3
am_cv_CXX_dependencies_compiler_type=gcc3
am_cv_make_support_nested_variables=yes
am_cv_prog_cc_c_o=yes
ax_cv_PTHREAD_CLANG=no
ax_cv_PTHREAD_JOINABLE_ATTR=PTHREAD_CREATE_JOINABLE
ax_cv_PTHREAD_PRIO_INHERIT=yes
ax_cv_PTHREAD_SPECIAL_FLAGS=no
ax_cv_check_cflags___Wall=yes
ax_cv_check_cflags___Wcast_align=yes
ax_cv_check_cflags___Wextra=yes
ax_cv_check_cflags___Wlong_long=yes
ax_cv_check_cflags___Wshadow=yes
ax_cv_check_cflags___Wsign_compare=yes
ax_cv_check_cflags___Wstack_protector=yes
ax_cv_check_cflags___Wstrict_prototypes=yes
ax_cv_check_cflags___Wunused_function=yes
ax_cv_check_cflags___Wunused_parameter=yes
ax_cv_check_cflags___fPIC=yes
ax_cv_check_cflags___fcf_protection_full=yes
ax_cv_check_cflags___fno_extended_identifiers=yes
ax_cv_check_cflags___fstack_clash_protection=yes
ax_cv_check_cflags___fstack_protector_all=yes
ax_cv_check_cflags___fstack_reuse_none=yes
ax_cv_check_ldflags___Wl___dynamicbase=no
ax_cv_check_ldflags___Wl___enable_reloc_section=no
ax_cv_check_ldflags___Wl___high_entropy_va=no
ax_cv_check_ldflags___Wl___nxcompat=no
ax_cv_check_ldflags___Wl__z_now=yes
ax_cv_check_ldflags___Wl__z_relro=yes
ax_cv_check_ldflags___Wl__z_separate_code=yes
ax_cv_check_ldflags___fPIE__pie=yes
ax_cv_cxx_compile_cxx14__std_cpp14=yes
lt_cv_ar_at_file=@
lt_cv_deplibs_check_method=pass_all
lt_cv_file_magic_cmd='$MAGIC_CMD'
lt_cv_file_magic_test_file=
lt_cv_ld_reload_flag=-r
lt_cv_nm_interface='BSD nm'
lt_cv_objdir=.libs
lt_cv_path_LD=/usr/bin/ld
lt_cv_path_LDCXX='/usr/bin/ld -m elf_x86_64'
lt_cv_path_NM=nm
lt_cv_path_mainfest_tool=no
lt_cv_prog_compiler_c_o=yes
lt_cv_prog_compiler_c_o_CXX=yes
lt_cv_prog_compiler_pic='-fPIC -DPIC'
lt_cv_prog_compiler_pic_CXX='-fPIC -DPIC'
lt_cv_prog_compiler_pic_works=yes
lt_cv_prog_compiler_pic_works_CXX=yes
lt_cv_prog_compiler_rtti_exceptions=no
lt_cv_prog_compiler_static_works=yes
lt_cv_prog_compiler_static_works_CXX=yes
lt_cv_prog_gnu_ld=yes
lt_cv_prog_gnu_ldcxx=yes
lt_cv_sharedlib_from_linklib_cmd='printf %s\n'
lt_cv_shlibpath_overrides_runpath=yes
lt_cv_sys_global_symbol_pipe='sed -n -e '\''s/^.*[	 ]\([ABCDGIRSTW][ABCDGIRSTW]*\)[	 ][	 ]*\([_A-Za-z][_A-Za-z0-9]*\)$/\1 \2 \2/p'\'' | sed '\''/ __gnu_lto/d'\'''
lt_cv_sys_global_symbol_to_c_name_address='sed -n -e '\''s/^: \(.*\) .*$/  {"\1", (void *) 0},/p'\'' -e '\''s/^[ABCDGIRSTW][ABCDGIRSTW]* .* \(.*\)$/  {"\1", (void *) \&\1},/p'\'''
lt_cv_sys_global_symbol_to_c_name_address_lib_prefix='sed -n -e '\''s/^: \(.*\) .*$/  {"\1", (void *) 0},/p'\'' -e '\''s/^[ABCDGIRSTW][ABCDGIRSTW]* .* \(lib.*\)$/  {"\1", (void *) \&\1},/p'\'' -e '\''s/^[ABCDGIRSTW][ABCDGIRSTW]* .* \(.*\)$/  {"lib\1", (void *) \&\1},/p'\'''
lt_cv_sys_global_symbol_to_cdecl='sed -n -e '\''s/^T .* \(.*\)$/extern int \1();/p'\'' -e '\''s/^[ABCDGIRSTW][ABCDGIRSTW]* .* \(.*\)$/extern char \1;/p'\'''
lt_cv_sys_global_symbol_to_import=
lt_cv_sys_max_cmd_len=1572864
lt_cv_to_host_file_cmd=func_convert_file_noop
lt_cv_to_tool_file_cmd=func_convert_file_noop
lt_cv_truncate_bin='/usr/bin/dd bs=4096 count=1'

## ----------------- ##
## Output variables. ##
## ----------------- ##

ACLOCAL='${SHELL} '\''/tmp/upgrade-wallet/bitcup/src/dashbls/build-aux/missing'\'' aclocal-1.16'
AMDEPBACKSLASH='\'
AMDEP_FALSE='#'
AMDEP_TRUE=''
AMTAR='$${TAR-tar}'
AM_BACKSLASH='\'
AM_DEFAULT_V='$(AM_DEFAULT_VERBOSITY)'
AM_DEFAULT_VERBOSITY='0'
AM_V='$(V)'
AR='ar'
ARFLAGS='qc'
ARITH_EASY_FALSE=''
ARITH_EASY_TRUE='#'
ARITH_GMP_FALSE='#'
ARITH_GMP_TRUE=''
AUTOCONF='${SHELL} '\''/tmp/upgrade-wallet/bitcup/src/dashbls/build-aux/missing'\'' autoconf'
AUTOHEADER='${SHELL} '\''/tmp/upgrade-wallet/bitcup/src/dashbls/build-aux/missing'\'' autoheader'
AUTOMAKE='${SHELL} '\''/tmp/upgrade-wallet/bitcup/src/dashbls/build-aux/missing'\'' automake-1.16'
AWK='gawk'
BREW=''
CC='gcc -m64'
CCAS='gcc -m64'
CCASDEPMODE='depmode=gcc3'
CCASFLAGS='-pipe -O2 '
CCDEPMODE='depmode=gcc3'
CFLAGS='-pipe -O2  -pipe -fomit-frame-pointer'
CORE_CPPFLAGS=' -DHAVE_BUILD_INFO'
CORE_CXXFLAGS=' -fno-extended-identifiers'
CORE_LDFLAGS=''
CPP='gcc -m64 -E'
CPPFLAGS='-I/home/administrator/walletbuilders/build_environment/dash/20.0.1/depends/x86_64-pc-linux-gnu/include/ '
CPU_ARCH='x64'
CSCOPE='cscope'
CTAGS='ctags'
CXX='g++ -m64 -std=c++14'
CXXCPP='g++ -m64 -std=c++14 -E'
CXXDEPMODE='depmode=gcc3'
CXXFLAGS='-pipe -static-libstdc++ -O2 '
CYGPATH_W='echo'
DEFS='-DHAVE_CONFIG_H'
DEPDIR='.deps'
DLLTOOL='false'
DSYMUTIL=''
DUMPBIN=''
ECHO_C=''
ECHO_N='-n'
ECHO_T=''
EGREP='/usr/bin/grep -E'
ETAGS='etags'
EXEEXT=''
FGREP='/usr/bin/grep -F'
GMP_CPPFLAGS=''
GMP_LDFLAGS=''
GMP_LIBS='-lgmp'
GREP='/usr/bin/grep'
HARDENED_CPPFLAGS=''
HARDENED_CXXFLAGS=' -fstack-reuse=none -Wstack-protector -fstack-protector-all -fcf-protection=full -fstack-clash-protection'
HARDENED_LDFLAGS=' -Wl,-z,relro -Wl,-z,now -Wl,-z,separate-code -pie'
HARDEN_FALSE='#'
HARDEN_TRUE=''
HAVE_CXX14='1'
INSTALL_DATA='${INSTALL} -m 644'
INSTALL_PROGRAM='${INSTALL}'
INSTALL_SCRIPT='${INSTALL}'
INSTALL_STRIP_PROGRAM='$(install_sh) -c -s'
LD='/usr/bin/ld -m elf_x86_64'
LDFLAGS='-L/home/administrator/walletbuilders/build_environment/dash/20.0.1/depends/x86_64-pc-linux-gnu/lib '
LIBOBJS=''
LIBS=''
LIBTOOL='$(SHELL) $(top_builddir)/libtool'
LIBTOOL_APP_LDFLAGS=''
LIPO=''
LN_S='ln -s'
LTLIBOBJS=''
LT_SYS_LIBRARY_PATH=''
MAINT=''
MAINTAINER_MODE_FALSE='#'
MAINTAINER_MODE_TRUE=''
MAKEINFO='${SHELL} '\''/tmp/upgrade-wallet/bitcup/src/dashbls/build-aux/missing'\'' makeinfo'
MANIFEST_TOOL=':'
MKDIR_P='/usr/bin/mkdir -p'
NM='nm'
NMEDIT=''
NOWARN_CFLAGS=' -Wno-unused-parameter -Wno-shadow -Wno-sign-compare -Wno-strict-prototypes -Wno-unused-function -Wno-long-long'
OBJDUMP='objdump'
OBJEXT='o'
OTOOL64=''
OTOOL=''
PACKAGE='libdashbls'
PACKAGE_BUGREPORT=''
PACKAGE_NAME='libdashbls'
PACKAGE_STRING='libdashbls 1.3.0'
PACKAGE_TARNAME='libdashbls'
PACKAGE_URL=''
PACKAGE_VERSION='1.3.0'
PATH_SEPARATOR=':'
PIC_FLAGS='-fPIC'
PIE_FLAGS='-fPIE'
PKG_CONFIG='/usr/bin/pkg-config --static'
PKG_CONFIG_LIBDIR='/home/administrator/walletbuilders/build_environment/dash/20.0.1/depends/x86_64-pc-linux-gnu/lib/pkgconfig'
PKG_CONFIG_PATH='/home/administrator/walletbuilders/build_environment/dash/20.0.1/depends/x86_64-pc-linux-gnu/share/pkgconfig'
PORT=''
PTHREAD_CC='gcc -m64'
PTHREAD_CFLAGS='-pthread'
PTHREAD_CXX='g++ -m64 -std=c++14'
PTHREAD_LIBS='-lpthread'
RAND_PATH='hashd'
RANLIB='ranlib'
RELIC_CPPFLAGS='-D_GNU_SOURCE'
SED='/usr/bin/sed'
SET_MAKE=''
SHELL='/bin/bash'
STRIP='/usr/bin/strip'
TARGET_DARWIN_FALSE=''
TARGET_DARWIN_TRUE='#'
TARGET_LINUX_FALSE='#'
TARGET_LINUX_TRUE=''
TARGET_WINDOWS_FALSE=''
TARGET_WINDOWS_TRUE='#'
USE_BENCH_FALSE='#'
USE_BENCH_TRUE=''
USE_TESTS_FALSE='#'
USE_TESTS_TRUE=''
VERSION='1.3.0'
WARN_CFLAGS=' -Wall -Wextra -Wcast-align'
WITH_BC_FALSE='#'
WITH_BC_TRUE=''
WITH_BN_FALSE='#'
WITH_BN_TRUE=''
WITH_CP_FALSE='#'
WITH_CP_TRUE=''
WITH_DV_FALSE='#'
WITH_DV_TRUE=''
WITH_EB_FALSE='#'
WITH_EB_TRUE=''
WITH_EC_FALSE='#'
WITH_EC_TRUE=''
WITH_ED_FALSE='#'
WITH_ED_TRUE=''
WITH_EPX_FALSE='#'
WITH_EPX_TRUE=''
WITH_EP_FALSE='#'
WITH_EP_TRUE=''
WITH_FBX_FALSE='#'
WITH_FBX_TRUE=''
WITH_FB_FALSE='#'
WITH_FB_TRUE=''
WITH_FPX_FALSE='#'
WITH_FPX_TRUE=''
WITH_FP_FALSE='#'
WITH_FP_TRUE=''
WITH_MD_FALSE='#'
WITH_MD_TRUE=''
WITH_MPC_FALSE='#'
WITH_MPC_TRUE=''
WITH_PC_FALSE='#'
WITH_PC_TRUE=''
WITH_PP_FALSE='#'
WITH_PP_TRUE=''
ac_ct_AR=''
ac_ct_CC=''
ac_ct_CXX=''
ac_ct_DUMPBIN=''
am__EXEEXT_FALSE=''
am__EXEEXT_TRUE='#'
am__fastdepCCAS_FALSE='#'
am__fastdepCCAS_TRUE=''
am__fastdepCC_FALSE='#'
am__fastdepCC_TRUE=''
am__fastdepCXX_FALSE='#'
am__fastdepCXX_TRUE=''
am__include='include'
am__isrc=''
am__leading_dot='.'
am__nodep='_no'
am__quote=''
am__tar='$${TAR-tar} chof - "$$tardir"'
am__untar='$${TAR-tar} xf -'
ax_pthread_config=''
bindir='${exec_prefix}/bin'
build='x86_64-pc-linux-gnu'
build_alias=''
build_cpu='x86_64'
build_os='linux-gnu'
build_vendor='pc'
datadir='${datarootdir}'
datarootdir='${prefix}/share'
docdir='${datarootdir}/doc/${PACKAGE_TARNAME}'
dvidir='${docdir}'
exec_prefix='${prefix}'
host='x86_64-pc-linux-gnu'
host_alias='x86_64-pc-linux-gnu'
host_cpu='x86_64'
host_os='linux-gnu'
host_vendor='pc'
htmldir='${docdir}'
includedir='${prefix}/include'
infodir='${datarootdir}/info'
install_sh='${SHELL} /tmp/upgrade-wallet/bitcup/src/dashbls/build-aux/install-sh'
libdir='${exec_prefix}/lib'
libexecdir='${exec_prefix}/libexec'
localedir='${datarootdir}/locale'
localstatedir='${prefix}/var'
mandir='${datarootdir}/man'
mkdir_p='$(MKDIR_P)'
oldincludedir='/usr/include'
pdfdir='${docdir}'
prefix='/usr/local'
program_transform_name='s,x,x,'
psdir='${docdir}'
runstatedir='${localstatedir}/run'
sbindir='${exec_prefix}/sbin'
sharedstatedir='${prefix}/com'
sysconfdir='${prefix}/etc'
target_alias=''

## ----------- ##
## confdefs.h. ##
## ----------- ##

/* confdefs.h */
#define PACKAGE_NAME "libdashbls"
#define PACKAGE_TARNAME "libdashbls"
#define PACKAGE_VERSION "1.3.0"
#define PACKAGE_STRING "libdashbls 1.3.0"
#define PACKAGE_BUGREPORT ""
#define PACKAGE_URL ""
#define HAVE_CXX14 1
#define HAVE_STDIO_H 1
#define HAVE_STDLIB_H 1
#define HAVE_STRING_H 1
#define HAVE_INTTYPES_H 1
#define HAVE_STDINT_H 1
#define HAVE_STRINGS_H 1
#define HAVE_SYS_STAT_H 1
#define HAVE_SYS_TYPES_H 1
#define HAVE_UNISTD_H 1
#define STDC_HEADERS 1
#define HAVE_DLFCN_H 1
#define LT_OBJDIR ".libs/"
#define RLC_VERSION "0.5.0"
#define AVR 1
#define MSP 2
#define ARM 3
#define X86 4
#define X64 5
#define RELIC_NONE 0
#define EASY 1
#define GMP 2
#define GMP_SEC 3
#define ARITH GMP
#define OPENMP 1
#define PTHREAD 2
#define LINUX 1
#define FREEBSD 2
#define MACOSX 3
#define WINDOWS 4
#define DROID 5
#define DUINO 6
#define HREAL 1
#define HPROC 2
#define HTHRD 3
#define ANSI 5
#define POSIX 4
#define CYCLE 6
#define PERF 7
#define AUTO 1
#define DYNAMIC 2
#define PKCS1 2
#define PKCS2 3
#define SH224 2
#define SH256 3
#define SH384 4
#define SH512 5
#define B2S160 6
#define B2S256 7
#define HASHD 1
#define RDRND 2
#define UDEV 3
#define CALL 4
#define LIBC 1
#define WCGR 4
#define SINGLE 1
#define CARRY 2
#define DOUBLE 3
#define BASIC 1
#define PRIME 1
#define TATEP 1
#define COMBA 2
#define LEHME 2
#define SAFEP 2
#define QUICK 2
#define BINAR 2
#define LAZYR 2
#define LODAH 2
#define SLIDE 2
#define PROJC 2
#define COMBS 2
#define TRICK 2
#define CHAR2 2
#define WEILP 2
#define MONTY 3
#define STEIN 3
#define STRON 3
#define INTEG 3
#define INTER 3
#define ALMOS 3
#define JACOB 3
#define COMBD 3
#define HALVE 3
#define EDDIE 3
#define EXTND 3
#define OATEP 3
#define PMERS 4
#define MULTP 4
#define EXGCD 4
#define LWNAF 4
#define JOINT 4
#define DIVST 5
#define ITOHT 5
#define LWREG 5
#define BRUCH 6
#define CTAIA 7
#define LOWER 8
#define QUIET 1
#define COLOR 1
#define ARCH X64
#define WSIZE 64
#define OPSYS LINUX
#define FP_QNRES /**/
#define SEED UDEV
#define ALIGN 1
#define WITH_BN /**/
#define WITH_DV /**/
#define WITH_FP /**/
#define WITH_FPX /**/
#define WITH_FB /**/
#define WITH_FBX /**/
#define WITH_EP /**/
#define WITH_EPX /**/
#define WITH_EB /**/
#define WITH_ED /**/
#define WITH_EC /**/
#define WITH_PP /**/
#define WITH_PC /**/
#define WITH_BC /**/
#define WITH_MD /**/
#define WITH_CP /**/
#define WITH_MPC /**/
#define BN_PRECI 1024
#define BN_KARAT 0
#define BN_MAGNI DOUBLE
#define BN_METHD "COMBA;COMBA;MONTY;SLIDE;BASIC;BASIC"
#define BN_MUL COMBA
#define BN_SQR COMBA
#define BN_MOD MONTY
#define BN_MXP SLIDE
#define BN_GCD BASIC
#define BN_GEN BASIC
#define FP_PRIME 381
#define FP_METHD "INTEG;INTEG;INTEG;MONTY;LOWER;SLIDE"
#define FP_KARAT 0
#define FP_WIDTH 4
#define FP_ADD INTEG
#define FP_MUL INTEG
#define FP_SQR INTEG
#define FP_RDC MONTY
#define FP_INV LOWER
#define FP_EXP SLIDE
#define FPX_METHD "INTEG;INTEG;LAZYR"
#define FPX_QDR INTEG
#define FPX_CBC INTEG
#define FPX_RDC LAZYR
#define FB_METHD "LODAH;QUICK;QUICK;QUICK;QUICK;QUICK;EXGCD;SLIDE;QUICK"
#define FB_POLYN 283
#define FB_KARAT 0
#define FB_TRINO /**/
#define FB_PRECO /**/
#define FB_WIDTH 4
#define FB_MUL LODAH
#define FB_SQR QUICK
#define FB_RDC QUICK
#define FB_SRT QUICK
#define FB_TRC QUICK
#define FB_SLV QUICK
#define FB_INV EXGCD
#define FB_EXP SLIDE
#define FB_ITR QUICK
#define EP_METHD "PROJC;LWNAF;COMBS;INTER"
#define EP_ENDOM /**/
#define EP_MIXED /**/
#define EP_PRECO /**/
#define EP_CTMAP /**/
#define EP_DEPTH 4
#define EP_WIDTH 4
#define EP_ADD PROJC
#define EP_MUL LWNAF
#define EP_FIX COMBS
#define EP_SIM INTER
#define EB_METHD "PROJC;LWNAF;COMBS;INTER"
#define EB_PLAIN /**/
#define EB_KBLTZ /**/
#define EB_MIXED /**/
#define EB_PRECO /**/
#define EB_DEPTH 4
#define EB_WIDTH 4
#define EB_ADD PROJC
#define EB_MUL LWNAF
#define EB_FIX COMBS
#define EB_SIM INTER
#define ED_METHD "PROJC;LWNAF;COMBS;INTER"
#define ED_PRECO /**/
#define ED_DEPTH 4
#define ED_WIDTH 4
#define ED_ADD PROJC
#define ED_MUL LWNAF
#define ED_FIX COMBS
#define ED_SIM INTER
#define EC_METHD "PRIME"
#define EC_CUR PRIME
#define PP_METHD "LAZYR;OATEP"
#define PP_EXT LAZYR
#define PP_MAP OATEP
#define MD_METHD "SH256"
#define MD_MAP SH256
#define CP_CRT /**/
#define CP_RSAPD PKCS2
#define ALLOC AUTO
#define RAND HASHD
#define MULTI PTHREAD
#define TIMER CYCLE
#define HAVE_PTHREAD_PRIO_INHERIT 1
#define HAVE_PTHREAD 1

configure: exit 0

## ---------------------- ##
## Running config.status. ##
## ---------------------- ##

This file was extended by libdashbls config.status 1.3.0, which was
generated by GNU Autoconf 2.71.  Invocation command line was

  CONFIG_FILES    = 
  CONFIG_HEADERS  = 
  CONFIG_LINKS    = 
  CONFIG_COMMANDS = 
  $ ./config.status 

on bld

config.status:1422: creating Makefile
config.status:1422: creating depends/relic/include/relic_conf.h
config.status:1651: executing depfiles commands
config.status:1728: cd .       && sed -e '/# am--include-marker/d' Makefile         | make -f - am--depfiles
make[4]: Entering directory '/tmp/upgrade-wallet/bitcup/src/dashbls'
make[4]: Nothing to be done for 'am--depfiles'.
make[4]: Leaving directory '/tmp/upgrade-wallet/bitcup/src/dashbls'
config.status:1733: $? = 0
config.status:1651: executing libtool commands
