This file contains any messages produced by compilers while
running configure, to aid debugging if configure makes a mistake.

It was created by libsecp256k1 configure 0.1, which was
generated by GNU Autoconf 2.71.  Invocation command line was

  $ ./configure --disable-option-checking --prefix=/usr/local --enable-cxx --disable-shared --with-pic --disable-shared --with-pic --enable-benchmark=no --enable-module-recovery --disable-openssl-tests --cache-file=/dev/null --srcdir=.

## --------- ##
## Platform. ##
## --------- ##

hostname = bld
uname -m = x86_64
uname -r = 5.15.0-130-generic
uname -s = Linux
uname -v = #140-Ubuntu SMP Wed Dec 18 17:59:53 UTC 2024

/usr/bin/uname -p = x86_64
/bin/uname -X     = unknown

/bin/arch              = x86_64
/usr/bin/arch -k       = unknown
/usr/convex/getsysinfo = unknown
/usr/bin/hostinfo      = unknown
/bin/machine           = unknown
/usr/bin/oslevel       = unknown
/bin/universe          = unknown

PATH: /home/administrator/walletbuilders/build_environment/dash/20.0.1/depends/x86_64-pc-linux-gnu/native/bin/
PATH: /usr/local/sbin/
PATH: /usr/local/bin/
PATH: /usr/sbin/
PATH: /usr/bin/
PATH: /sbin/
PATH: /bin/
PATH: /usr/games/
PATH: /usr/local/games/
PATH: /snap/bin/


## ----------- ##
## Core tests. ##
## ----------- ##

configure:2205: loading site script /home/administrator/walletbuilders/build_environment/dash/20.0.1/depends/x86_64-pc-linux-gnu/share/config.site
| # shellcheck shell=sh disable=SC2034 # Many variables set will be used in
|                                      # ./configure but shellcheck doesn't know
|                                      # that, hence: disable=SC2034
| 
| true  # Dummy command because shellcheck treats all directives before first
|       # command as file-wide, and we only want to disable for one line.
|       #
|       # See: https://github.com/koalaman/shellcheck/wiki/Directive
| 
| # shellcheck disable=SC2154
| depends_prefix="$(cd "$(dirname ${ac_site_file})/.." && pwd)"
| 
| cross_compiling=maybe
| host_alias=x86_64-pc-linux-gnu
| ac_tool_prefix=${host_alias}-
| 
| if test -z $with_boost; then
|   with_boost=$depends_prefix
| fi
| if test -z $with_qt_plugindir; then
|   with_qt_plugindir=$depends_prefix/plugins
| fi
| if test -z $with_qt_translationdir; then
|   with_qt_translationdir=$depends_prefix/translations
| fi
| if test -z $with_qt_bindir; then
|   with_qt_bindir=$depends_prefix/native/bin
| fi
| 
| if test -z $with_qrencode && test -n ""; then
|   with_qrencode=no
| fi
| 
| if test -z $enable_wallet && test -n ""; then
|   enable_wallet=no
| fi
| 
| if test -z $with_miniupnpc && test -n ""; then
|   with_miniupnpc=no
| fi
| 
| if test -z $with_natpmp && test -n ""; then
|   with_natpmp=no
| fi
| 
| if test -z $with_gui && test -n ""; then
|   with_gui=no
| fi
| 
| if test -z $enable_zmq && test -n ""; then
|   enable_zmq=no
| fi
| 
| if test -n "" && test -z "" && test "x$with_gui" != xno; then
|   with_gui=qt5_debug
| fi
| 
| if test "linux" = darwin; then
|   BREW=no
| fi
| 
| PATH=$depends_prefix/native/bin:$PATH
| PKG_CONFIG="$(which pkg-config) --static"
| 
| # These two need to remain exported because pkg-config does not see them
| # otherwise. That means they must be unexported at the end of configure.ac to
| # avoid ruining the cache. Sigh.
| 
| export PKG_CONFIG_LIBDIR=$depends_prefix/lib/pkgconfig
| export PKG_CONFIG_PATH=$depends_prefix/share/pkgconfig
| 
| CPPFLAGS="-I$depends_prefix/include/ $CPPFLAGS"
| LDFLAGS="-L$depends_prefix/lib $LDFLAGS"
| 
| if test -n "gcc -m64" -a -z "${CC}"; then
|   CC="gcc -m64"
| fi
| if test -n "g++ -m64" -a -z "${CXX}"; then
|   CXX="g++ -m64"
| fi
| PYTHONPATH="${depends_prefix}/native/lib/python3/dist-packages${PYTHONPATH:+${PATH_SEPARATOR}}${PYTHONPATH}"
| 
| if test -n "ar"; then
|   AR=ar
|   ac_cv_path_ac_pt_AR=${AR}
| fi
| 
| if test -n "ranlib"; then
|   RANLIB=ranlib
|   ac_cv_path_ac_pt_RANLIB=${RANLIB}
| fi
| 
| if test -n "nm"; then
|   NM=nm
|   ac_cv_path_ac_pt_NM=${NM}
| fi
| 
| if test -n ""; then
|   enable_reduce_exports=no
| fi
| 
| if test -n "-pipe -O2"; then
|   CFLAGS="-pipe -O2 $CFLAGS"
| fi
| if test -n "-pipe -static-libstdc++ -O2"; then
|   CXXFLAGS="-pipe -static-libstdc++ -O2 $CXXFLAGS"
| fi
| if test -n ""; then
|   CPPFLAGS=" $CPPFLAGS"
| fi
| if test -n ""; then
|   LDFLAGS=" $LDFLAGS"
| fi
configure:2564: looking for aux files: compile ltmain.sh missing install-sh config.guess config.sub
configure:2577:  trying ./build-aux/
configure:2606:   ./build-aux/compile found
configure:2606:   ./build-aux/ltmain.sh found
configure:2606:   ./build-aux/missing found
configure:2588:   ./build-aux/install-sh found
configure:2606:   ./build-aux/config.guess found
configure:2606:   ./build-aux/config.sub found
configure:2726: checking build system type
configure:2741: result: x86_64-pc-linux-gnu
configure:2761: checking host system type
configure:2775: result: x86_64-pc-linux-gnu
configure:2815: checking for a BSD-compatible install
configure:2888: result: /usr/bin/install -c
configure:2899: checking whether build environment is sane
configure:2954: result: yes
configure:3010: checking for x86_64-pc-linux-gnu-strip
configure:3045: result: no
configure:3055: checking for strip
configure:3076: found /usr/bin/strip
configure:3087: result: strip
configure:3113: checking for a race-free mkdir -p
configure:3157: result: /usr/bin/mkdir -p
configure:3164: checking for gawk
configure:3185: found /usr/bin/gawk
configure:3196: result: gawk
configure:3207: checking whether make sets $(MAKE)
configure:3230: result: yes
configure:3260: checking whether make supports nested variables
configure:3278: result: yes
configure:3462: checking how to print strings
configure:3489: result: printf
configure:3523: checking whether make supports the include directive
configure:3538: make -f confmf.GNU && cat confinc.out
this is the am__doit target
configure:3541: $? = 0
configure:3560: result: yes (GNU style)
configure:3591: checking for x86_64-pc-linux-gnu-gcc
configure:3623: result: gcc -m64
configure:4021: checking for C compiler version
configure:4030: gcc -m64 --version >&5
gcc (Ubuntu 11.4.0-1ubuntu1~22.04) 11.4.0
Copyright (C) 2021 Free Software Foundation, Inc.
This is free software; see the source for copying conditions.  There is NO
warranty; not even for MERCHANTABILITY or FITNESS FOR A PARTICULAR PURPOSE.

configure:4041: $? = 0
configure:4030: gcc -m64 -v >&5
Using built-in specs.
COLLECT_GCC=gcc
COLLECT_LTO_WRAPPER=/usr/lib/gcc/x86_64-linux-gnu/11/lto-wrapper
OFFLOAD_TARGET_NAMES=nvptx-none:amdgcn-amdhsa
OFFLOAD_TARGET_DEFAULT=1
Target: x86_64-linux-gnu
Configured with: ../src/configure -v --with-pkgversion='Ubuntu 11.4.0-1ubuntu1~22.04' --with-bugurl=file:///usr/share/doc/gcc-11/README.Bugs --enable-languages=c,ada,c++,go,brig,d,fortran,objc,obj-c++,m2 --prefix=/usr --with-gcc-major-version-only --program-suffix=-11 --program-prefix=x86_64-linux-gnu- --enable-shared --enable-linker-build-id --libexecdir=/usr/lib --without-included-gettext --enable-threads=posix --libdir=/usr/lib --enable-nls --enable-bootstrap --enable-clocale=gnu --enable-libstdcxx-debug --enable-libstdcxx-time=yes --with-default-libstdcxx-abi=new --enable-gnu-unique-object --disable-vtable-verify --enable-plugin --enable-default-pie --with-system-zlib --enable-libphobos-checking=release --with-target-system-zlib=auto --enable-objc-gc=auto --enable-multiarch --disable-werror --enable-cet --with-arch-32=i686 --with-abi=m64 --with-multilib-list=m32,m64,mx32 --enable-multilib --with-tune=generic --enable-offload-targets=nvptx-none=/build/gcc-11-XeT9lY/gcc-11-11.4.0/debian/tmp-nvptx/usr,amdgcn-amdhsa=/build/gcc-11-XeT9lY/gcc-11-11.4.0/debian/tmp-gcn/usr --without-cuda-driver --enable-checking=release --build=x86_64-linux-gnu --host=x86_64-linux-gnu --target=x86_64-linux-gnu --with-build-config=bootstrap-lto-lean --enable-link-serialization=2
Thread model: posix
Supported LTO compression algorithms: zlib zstd
gcc version 11.4.0 (Ubuntu 11.4.0-1ubuntu1~22.04) 
... rest of stderr output deleted ...
configure:4041: $? = 0
configure:4030: gcc -m64 -V >&5
gcc: error: unrecognized command-line option '-V'
gcc: fatal error: no input files
compilation terminated.
configure:4041: $? = 1
configure:4030: gcc -m64 -qversion >&5
gcc: error: unrecognized command-line option '-qversion'; did you mean '--version'?
gcc: fatal error: no input files
compilation terminated.
configure:4041: $? = 1
configure:4030: gcc -m64 -version >&5
gcc: error: unrecognized command-line option '-version'
gcc: fatal error: no input files
compilation terminated.
configure:4041: $? = 1
configure:4061: checking whether the C compiler works
configure:4083: gcc -m64 -pipe -O2  -I/home/administrator/walletbuilders/build_environment/dash/20.0.1/depends/x86_64-pc-linux-gnu/include/  -L/home/administrator/walletbuilders/build_environment/dash/20.0.1/depends/x86_64-pc-linux-gnu/lib  conftest.c  >&5
configure:4087: $? = 0
configure:4137: result: yes
configure:4140: checking for C compiler default output file name
configure:4142: result: a.out
configure:4148: checking for suffix of executables
configure:4155: gcc -m64 -o conftest -pipe -O2  -I/home/administrator/walletbuilders/build_environment/dash/20.0.1/depends/x86_64-pc-linux-gnu/include/  -L/home/administrator/walletbuilders/build_environment/dash/20.0.1/depends/x86_64-pc-linux-gnu/lib  conftest.c  >&5
configure:4159: $? = 0
configure:4182: result: 
configure:4204: checking whether we are cross compiling
configure:4212: gcc -m64 -o conftest -pipe -O2  -I/home/administrator/walletbuilders/build_environment/dash/20.0.1/depends/x86_64-pc-linux-gnu/include/  -L/home/administrator/walletbuilders/build_environment/dash/20.0.1/depends/x86_64-pc-linux-gnu/lib  conftest.c  >&5
configure:4216: $? = 0
configure:4223: ./conftest
configure:4227: $? = 0
configure:4242: result: no
configure:4247: checking for suffix of object files
configure:4270: gcc -m64 -c -pipe -O2  -I/home/administrator/walletbuilders/build_environment/dash/20.0.1/depends/x86_64-pc-linux-gnu/include/  conftest.c >&5
configure:4274: $? = 0
configure:4296: result: o
configure:4300: checking whether the compiler supports GNU C
configure:4320: gcc -m64 -c -pipe -O2  -I/home/administrator/walletbuilders/build_environment/dash/20.0.1/depends/x86_64-pc-linux-gnu/include/  conftest.c >&5
configure:4320: $? = 0
configure:4330: result: yes
configure:4341: checking whether gcc -m64 accepts -g
configure:4362: gcc -m64 -c -g -I/home/administrator/walletbuilders/build_environment/dash/20.0.1/depends/x86_64-pc-linux-gnu/include/  conftest.c >&5
configure:4362: $? = 0
configure:4406: result: yes
configure:4426: checking for gcc -m64 option to enable C11 features
configure:4441: gcc -m64  -c -pipe -O2  -I/home/administrator/walletbuilders/build_environment/dash/20.0.1/depends/x86_64-pc-linux-gnu/include/  conftest.c >&5
configure:4441: $? = 0
configure:4459: result: none needed
configure:4575: checking whether gcc -m64 understands -c and -o together
configure:4598: gcc -m64 -c conftest.c -o conftest2.o
configure:4601: $? = 0
configure:4598: gcc -m64 -c conftest.c -o conftest2.o
configure:4601: $? = 0
configure:4613: result: yes
configure:4632: checking dependency style of gcc -m64
configure:4744: result: gcc3
configure:4759: checking for a sed that does not truncate output
configure:4829: result: /usr/bin/sed
configure:4847: checking for grep that handles long lines and -e
configure:4911: result: /usr/bin/grep
configure:4916: checking for egrep
configure:4984: result: /usr/bin/grep -E
configure:4989: checking for fgrep
configure:5057: result: /usr/bin/grep -F
configure:5093: checking for ld used by gcc -m64
configure:5161: result: /usr/bin/ld
configure:5168: checking if the linker (/usr/bin/ld) is GNU ld
configure:5184: result: yes
configure:5196: checking for BSD- or MS-compatible name lister (nm)
configure:5251: result: nm
configure:5391: checking the name lister (nm) interface
configure:5399: gcc -m64 -c -pipe -O2  -I/home/administrator/walletbuilders/build_environment/dash/20.0.1/depends/x86_64-pc-linux-gnu/include/  conftest.c >&5
configure:5402: nm "conftest.o"
configure:5405: output
0000000000000000 B some_variable
configure:5412: result: BSD nm
configure:5415: checking whether ln -s works
configure:5419: result: yes
configure:5427: checking the maximum length of command line arguments
configure:5559: result: 1572864
configure:5607: checking how to convert x86_64-pc-linux-gnu file names to x86_64-pc-linux-gnu format
configure:5648: result: func_convert_file_noop
configure:5655: checking how to convert x86_64-pc-linux-gnu file names to toolchain format
configure:5676: result: func_convert_file_noop
configure:5683: checking for /usr/bin/ld option to reload object files
configure:5691: result: -r
configure:5725: checking for x86_64-pc-linux-gnu-objdump
configure:5760: result: no
configure:5770: checking for objdump
configure:5791: found /usr/bin/objdump
configure:5802: result: objdump
configure:5834: checking how to recognize dependent libraries
configure:6035: result: pass_all
configure:6080: checking for x86_64-pc-linux-gnu-dlltool
configure:6115: result: no
configure:6125: checking for dlltool
configure:6160: result: no
configure:6190: checking how to associate runtime and link libraries
configure:6218: result: printf %s\n
configure:6235: checking for x86_64-pc-linux-gnu-ar
configure:6267: result: ar
configure:6353: checking for archiver @FILE support
configure:6371: gcc -m64 -c -pipe -O2  -I/home/administrator/walletbuilders/build_environment/dash/20.0.1/depends/x86_64-pc-linux-gnu/include/  conftest.c >&5
configure:6371: $? = 0
configure:6375: ar cr libconftest.a @conftest.lst >&5
configure:6378: $? = 0
configure:6383: ar cr libconftest.a @conftest.lst >&5
ar: conftest.o: No such file or directory
configure:6386: $? = 1
configure:6398: result: @
configure:6416: checking for x86_64-pc-linux-gnu-strip
configure:6448: result: strip
configure:6525: checking for x86_64-pc-linux-gnu-ranlib
configure:6557: result: ranlib
configure:6704: checking command to parse nm output from gcc -m64 object
configure:6858: gcc -m64 -c -pipe -O2  -I/home/administrator/walletbuilders/build_environment/dash/20.0.1/depends/x86_64-pc-linux-gnu/include/  conftest.c >&5
configure:6861: $? = 0
configure:6865: nm conftest.o | sed -n -e 's/^.*[	 ]\([ABCDGIRSTW][ABCDGIRSTW]*\)[	 ][	 ]*\([_A-Za-z][_A-Za-z0-9]*\)$/\1 \2 \2/p' | sed '/ __gnu_lto/d' > conftest.nm
configure:6931: gcc -m64 -o conftest -pipe -O2  -I/home/administrator/walletbuilders/build_environment/dash/20.0.1/depends/x86_64-pc-linux-gnu/include/  -L/home/administrator/walletbuilders/build_environment/dash/20.0.1/depends/x86_64-pc-linux-gnu/lib  conftest.c conftstm.o >&5
configure:6934: $? = 0
configure:6972: result: ok
configure:7019: checking for sysroot
configure:7050: result: no
configure:7057: checking for a working dd
configure:7101: result: /usr/bin/dd
configure:7105: checking how to truncate binary pipes
configure:7121: result: /usr/bin/dd bs=4096 count=1
configure:7258: gcc -m64 -c -pipe -O2  -I/home/administrator/walletbuilders/build_environment/dash/20.0.1/depends/x86_64-pc-linux-gnu/include/  conftest.c >&5
configure:7261: $? = 0
configure:7413: checking for x86_64-pc-linux-gnu-mt
configure:7448: result: no
configure:7458: checking for mt
configure:7479: found /usr/bin/mt
configure:7490: result: mt
configure:7513: checking if mt is a manifest tool
configure:7520: mt '-?'
configure:7528: result: no
configure:8258: checking for stdio.h
configure:8258: gcc -m64 -c -pipe -O2  -I/home/administrator/walletbuilders/build_environment/dash/20.0.1/depends/x86_64-pc-linux-gnu/include/  conftest.c >&5
configure:8258: $? = 0
configure:8258: result: yes
configure:8258: checking for stdlib.h
configure:8258: gcc -m64 -c -pipe -O2  -I/home/administrator/walletbuilders/build_environment/dash/20.0.1/depends/x86_64-pc-linux-gnu/include/  conftest.c >&5
configure:8258: $? = 0
configure:8258: result: yes
configure:8258: checking for string.h
configure:8258: gcc -m64 -c -pipe -O2  -I/home/administrator/walletbuilders/build_environment/dash/20.0.1/depends/x86_64-pc-linux-gnu/include/  conftest.c >&5
configure:8258: $? = 0
configure:8258: result: yes
configure:8258: checking for inttypes.h
configure:8258: gcc -m64 -c -pipe -O2  -I/home/administrator/walletbuilders/build_environment/dash/20.0.1/depends/x86_64-pc-linux-gnu/include/  conftest.c >&5
configure:8258: $? = 0
configure:8258: result: yes
configure:8258: checking for stdint.h
configure:8258: gcc -m64 -c -pipe -O2  -I/home/administrator/walletbuilders/build_environment/dash/20.0.1/depends/x86_64-pc-linux-gnu/include/  conftest.c >&5
configure:8258: $? = 0
configure:8258: result: yes
configure:8258: checking for strings.h
configure:8258: gcc -m64 -c -pipe -O2  -I/home/administrator/walletbuilders/build_environment/dash/20.0.1/depends/x86_64-pc-linux-gnu/include/  conftest.c >&5
configure:8258: $? = 0
configure:8258: result: yes
configure:8258: checking for sys/stat.h
configure:8258: gcc -m64 -c -pipe -O2  -I/home/administrator/walletbuilders/build_environment/dash/20.0.1/depends/x86_64-pc-linux-gnu/include/  conftest.c >&5
configure:8258: $? = 0
configure:8258: result: yes
configure:8258: checking for sys/types.h
configure:8258: gcc -m64 -c -pipe -O2  -I/home/administrator/walletbuilders/build_environment/dash/20.0.1/depends/x86_64-pc-linux-gnu/include/  conftest.c >&5
configure:8258: $? = 0
configure:8258: result: yes
configure:8258: checking for unistd.h
configure:8258: gcc -m64 -c -pipe -O2  -I/home/administrator/walletbuilders/build_environment/dash/20.0.1/depends/x86_64-pc-linux-gnu/include/  conftest.c >&5
configure:8258: $? = 0
configure:8258: result: yes
configure:8283: checking for dlfcn.h
configure:8283: gcc -m64 -c -pipe -O2  -I/home/administrator/walletbuilders/build_environment/dash/20.0.1/depends/x86_64-pc-linux-gnu/include/  conftest.c >&5
configure:8283: $? = 0
configure:8283: result: yes
configure:8542: checking for objdir
configure:8558: result: .libs
configure:8822: checking if gcc -m64 supports -fno-rtti -fno-exceptions
configure:8841: gcc -m64 -c -pipe -O2  -I/home/administrator/walletbuilders/build_environment/dash/20.0.1/depends/x86_64-pc-linux-gnu/include/  -fno-rtti -fno-exceptions conftest.c >&5
cc1: warning: command-line option '-fno-rtti' is valid for C++/D/ObjC++ but not for C
configure:8845: $? = 0
configure:8858: result: no
configure:9222: checking for gcc -m64 option to produce PIC
configure:9230: result: -fPIC -DPIC
configure:9238: checking if gcc -m64 PIC flag -fPIC -DPIC works
configure:9257: gcc -m64 -c -pipe -O2  -I/home/administrator/walletbuilders/build_environment/dash/20.0.1/depends/x86_64-pc-linux-gnu/include/  -fPIC -DPIC -DPIC conftest.c >&5
configure:9261: $? = 0
configure:9274: result: yes
configure:9303: checking if gcc -m64 static flag -static works
configure:9332: result: yes
configure:9347: checking if gcc -m64 supports -c -o file.o
configure:9369: gcc -m64 -c -pipe -O2  -I/home/administrator/walletbuilders/build_environment/dash/20.0.1/depends/x86_64-pc-linux-gnu/include/  -o out/conftest2.o conftest.c >&5
configure:9373: $? = 0
configure:9395: result: yes
configure:9403: checking if gcc -m64 supports -c -o file.o
configure:9451: result: yes
configure:9484: checking whether the gcc -m64 linker (/usr/bin/ld -m elf_x86_64) supports shared libraries
configure:10754: result: yes
configure:10995: checking dynamic linker characteristics
configure:11577: gcc -m64 -o conftest -pipe -O2  -I/home/administrator/walletbuilders/build_environment/dash/20.0.1/depends/x86_64-pc-linux-gnu/include/  -L/home/administrator/walletbuilders/build_environment/dash/20.0.1/depends/x86_64-pc-linux-gnu/lib  -Wl,-rpath -Wl,/foo conftest.c  >&5
configure:11577: $? = 0
configure:11828: result: GNU/Linux ld.so
configure:11950: checking how to hardcode library paths into programs
configure:11975: result: immediate
configure:12527: checking whether stripping libraries is possible
configure:12532: result: yes
configure:12567: checking if libtool supports shared libraries
configure:12569: result: yes
configure:12572: checking whether to build shared libraries
configure:12597: result: no
configure:12600: checking whether to build static libraries
configure:12604: result: yes
configure:12655: checking whether make supports nested variables
configure:12673: result: yes
configure:12696: checking for x86_64-pc-linux-gnu-pkg-config
configure:12731: result: /usr/bin/pkg-config --static
configure:12804: checking pkg-config is at least version 0.9.0
configure:12807: result: yes
configure:12819: checking for x86_64-pc-linux-gnu-ar
configure:12857: result: no
configure:12867: checking for ar
configure:12902: result: ar
configure:12927: checking for x86_64-pc-linux-gnu-ranlib
configure:12965: result: no
configure:12975: checking for ranlib
configure:13010: result: ranlib
configure:13035: checking for x86_64-pc-linux-gnu-strip
configure:13073: result: no
configure:13083: checking for strip
configure:13106: found /usr/bin/strip
configure:13118: result: /usr/bin/strip
configure:13164: checking dependency style of gcc -m64
configure:13274: result: gcc3
configure:13425: checking if gcc -m64 supports -Werror=unknown-warning-option
configure:13433: gcc -m64 -c -Werror=unknown-warning-option -pipe -O2  -I/home/administrator/walletbuilders/build_environment/dash/20.0.1/depends/x86_64-pc-linux-gnu/include/  conftest.c >&5
cc1: error: '-Werror=unknown-warning-option': no option '-Wunknown-warning-option'
configure:13433: $? = 1
configure: failed program was:
| /* confdefs.h */
| #define PACKAGE_NAME "libsecp256k1"
| #define PACKAGE_TARNAME "libsecp256k1"
| #define PACKAGE_VERSION "0.1"
| #define PACKAGE_STRING "libsecp256k1 0.1"
| #define PACKAGE_BUGREPORT ""
| #define PACKAGE_URL ""
| #define PACKAGE "libsecp256k1"
| #define VERSION "0.1"
| #define HAVE_STDIO_H 1
| #define HAVE_STDLIB_H 1
| #define HAVE_STRING_H 1
| #define HAVE_INTTYPES_H 1
| #define HAVE_STDINT_H 1
| #define HAVE_STRINGS_H 1
| #define HAVE_SYS_STAT_H 1
| #define HAVE_SYS_TYPES_H 1
| #define HAVE_UNISTD_H 1
| #define STDC_HEADERS 1
| #define HAVE_DLFCN_H 1
| #define LT_OBJDIR ".libs/"
| /* end confdefs.h.  */
| char foo;
configure:13440: result: no
configure:13451: checking if gcc -m64 supports -std=c89 -pedantic -Wno-long-long -Wnested-externs -Wshadow -Wstrict-prototypes -Wundef
configure:13459: gcc -m64 -c -std=c89 -pedantic -Wno-long-long -Wnested-externs -Wshadow -Wstrict-prototypes -Wundef -pipe -O2  -I/home/administrator/walletbuilders/build_environment/dash/20.0.1/depends/x86_64-pc-linux-gnu/include/  conftest.c >&5
configure:13459: $? = 0
configure:13466: result: yes
configure:13476: checking if gcc -m64 supports -Wno-overlength-strings
configure:13484: gcc -m64 -c -Wno-overlength-strings -pipe -O2  -I/home/administrator/walletbuilders/build_environment/dash/20.0.1/depends/x86_64-pc-linux-gnu/include/  conftest.c >&5
configure:13484: $? = 0
configure:13491: result: yes
configure:13501: checking if gcc -m64 supports -Wall
configure:13509: gcc -m64 -c -Wall -pipe -O2  -I/home/administrator/walletbuilders/build_environment/dash/20.0.1/depends/x86_64-pc-linux-gnu/include/  conftest.c >&5
configure:13509: $? = 0
configure:13516: result: yes
configure:13526: checking if gcc -m64 supports -Wno-unused-function
configure:13534: gcc -m64 -c -Wno-unused-function -pipe -O2  -I/home/administrator/walletbuilders/build_environment/dash/20.0.1/depends/x86_64-pc-linux-gnu/include/  conftest.c >&5
configure:13534: $? = 0
configure:13541: result: yes
configure:13551: checking if gcc -m64 supports -Wextra
configure:13559: gcc -m64 -c -Wextra -pipe -O2  -I/home/administrator/walletbuilders/build_environment/dash/20.0.1/depends/x86_64-pc-linux-gnu/include/  conftest.c >&5
configure:13559: $? = 0
configure:13566: result: yes
configure:13576: checking if gcc -m64 supports -Wcast-align
configure:13584: gcc -m64 -c -Wcast-align -pipe -O2  -I/home/administrator/walletbuilders/build_environment/dash/20.0.1/depends/x86_64-pc-linux-gnu/include/  conftest.c >&5
configure:13584: $? = 0
configure:13591: result: yes
configure:13601: checking if gcc -m64 supports -Wcast-align=strict
configure:13609: gcc -m64 -c -Wcast-align=strict -pipe -O2  -I/home/administrator/walletbuilders/build_environment/dash/20.0.1/depends/x86_64-pc-linux-gnu/include/  conftest.c >&5
configure:13609: $? = 0
configure:13616: result: yes
configure:13626: checking if gcc -m64 supports -Wconditional-uninitialized
configure:13634: gcc -m64 -c -Wconditional-uninitialized -pipe -O2  -I/home/administrator/walletbuilders/build_environment/dash/20.0.1/depends/x86_64-pc-linux-gnu/include/  conftest.c >&5
gcc: error: unrecognized command-line option '-Wconditional-uninitialized'; did you mean '-Wno-uninitialized'?
configure:13634: $? = 1
configure: failed program was:
| /* confdefs.h */
| #define PACKAGE_NAME "libsecp256k1"
| #define PACKAGE_TARNAME "libsecp256k1"
| #define PACKAGE_VERSION "0.1"
| #define PACKAGE_STRING "libsecp256k1 0.1"
| #define PACKAGE_BUGREPORT ""
| #define PACKAGE_URL ""
| #define PACKAGE "libsecp256k1"
| #define VERSION "0.1"
| #define HAVE_STDIO_H 1
| #define HAVE_STDLIB_H 1
| #define HAVE_STRING_H 1
| #define HAVE_INTTYPES_H 1
| #define HAVE_STDINT_H 1
| #define HAVE_STRINGS_H 1
| #define HAVE_SYS_STAT_H 1
| #define HAVE_SYS_TYPES_H 1
| #define HAVE_UNISTD_H 1
| #define STDC_HEADERS 1
| #define HAVE_DLFCN_H 1
| #define LT_OBJDIR ".libs/"
| /* end confdefs.h.  */
| char foo;
configure:13641: result: no
configure:13651: checking if gcc -m64 supports -fvisibility=hidden
configure:13659: gcc -m64 -c -fvisibility=hidden -pipe -O2  -I/home/administrator/walletbuilders/build_environment/dash/20.0.1/depends/x86_64-pc-linux-gnu/include/  conftest.c >&5
configure:13659: $? = 0
configure:13666: result: yes
configure:13854: checking for valgrind/memcheck.h
configure:13854: gcc -m64 -c -pipe -O2   -I/home/administrator/walletbuilders/build_environment/dash/20.0.1/depends/x86_64-pc-linux-gnu/include/  conftest.c >&5
conftest.c:51:10: fatal error: valgrind/memcheck.h: No such file or directory
   51 | #include <valgrind/memcheck.h>
      |          ^~~~~~~~~~~~~~~~~~~~~
compilation terminated.
configure:13854: $? = 1
configure: failed program was:
| /* confdefs.h */
| #define PACKAGE_NAME "libsecp256k1"
| #define PACKAGE_TARNAME "libsecp256k1"
| #define PACKAGE_VERSION "0.1"
| #define PACKAGE_STRING "libsecp256k1 0.1"
| #define PACKAGE_BUGREPORT ""
| #define PACKAGE_URL ""
| #define PACKAGE "libsecp256k1"
| #define VERSION "0.1"
| #define HAVE_STDIO_H 1
| #define HAVE_STDLIB_H 1
| #define HAVE_STRING_H 1
| #define HAVE_INTTYPES_H 1
| #define HAVE_STDINT_H 1
| #define HAVE_STRINGS_H 1
| #define HAVE_SYS_STAT_H 1
| #define HAVE_SYS_TYPES_H 1
| #define HAVE_UNISTD_H 1
| #define STDC_HEADERS 1
| #define HAVE_DLFCN_H 1
| #define LT_OBJDIR ".libs/"
| /* end confdefs.h.  */
| #include <stddef.h>
| #ifdef HAVE_STDIO_H
| # include <stdio.h>
| #endif
| #ifdef HAVE_STDLIB_H
| # include <stdlib.h>
| #endif
| #ifdef HAVE_STRING_H
| # include <string.h>
| #endif
| #ifdef HAVE_INTTYPES_H
| # include <inttypes.h>
| #endif
| #ifdef HAVE_STDINT_H
| # include <stdint.h>
| #endif
| #ifdef HAVE_STRINGS_H
| # include <strings.h>
| #endif
| #ifdef HAVE_SYS_TYPES_H
| # include <sys/types.h>
| #endif
| #ifdef HAVE_SYS_STAT_H
| # include <sys/stat.h>
| #endif
| #ifdef HAVE_UNISTD_H
| # include <unistd.h>
| #endif
| #include <valgrind/memcheck.h>
configure:13854: result: no
configure:13898: checking for x86_64 assembly availability
configure:13915: gcc -m64 -c -pipe -O2   -I/home/administrator/walletbuilders/build_environment/dash/20.0.1/depends/x86_64-pc-linux-gnu/include/  conftest.c >&5
configure:13915: $? = 0
configure:13922: result: yes
configure:14070: checking for libcrypto
configure:14077: $PKG_CONFIG --exists --print-errors "libcrypto"
Package libcrypto was not found in the pkg-config search path.
Perhaps you should add the directory containing `libcrypto.pc'
to the PKG_CONFIG_PATH environment variable
No package 'libcrypto' found
configure:14080: $? = 1
configure:14094: $PKG_CONFIG --exists --print-errors "libcrypto"
Package libcrypto was not found in the pkg-config search path.
Perhaps you should add the directory containing `libcrypto.pc'
to the PKG_CONFIG_PATH environment variable
No package 'libcrypto' found
configure:14097: $? = 1
configure:14111: result: no
No package 'libcrypto' found
configure:14187: checking for openssl/crypto.h
configure:14187: gcc -m64 -c -pipe -O2   -I/home/administrator/walletbuilders/build_environment/dash/20.0.1/depends/x86_64-pc-linux-gnu/include/  conftest.c >&5
configure:14187: $? = 0
configure:14187: result: yes
configure:14191: checking for main in -lcrypto
configure:14211: gcc -m64 -o conftest -pipe -O2   -I/home/administrator/walletbuilders/build_environment/dash/20.0.1/depends/x86_64-pc-linux-gnu/include/  -L/home/administrator/walletbuilders/build_environment/dash/20.0.1/depends/x86_64-pc-linux-gnu/lib  conftest.c -lcrypto   >&5
configure:14211: $? = 0
configure:14221: result: yes
configure:14240: checking for EC functions in libcrypto
configure:14289: gcc -m64 -c -pipe -O2    -I/home/administrator/walletbuilders/build_environment/dash/20.0.1/depends/x86_64-pc-linux-gnu/include/  conftest.c >&5
conftest.c: In function 'main':
conftest.c:42:5: warning: 'EC_KEY_free' is deprecated: Since OpenSSL 3.0 [-Wdeprecated-declarations]
   42 |     EC_KEY_free(EC_KEY_new_by_curve_name(NID_secp256k1));
      |     ^~~~~~~~~~~
In file included from conftest.c:29:
/usr/include/openssl/ec.h:1003:28: note: declared here
 1003 | OSSL_DEPRECATEDIN_3_0 void EC_KEY_free(EC_KEY *key);
      |                            ^~~~~~~~~~~
conftest.c:42:5: warning: 'EC_KEY_new_by_curve_name' is deprecated: Since OpenSSL 3.0 [-Wdeprecated-declarations]
   42 |     EC_KEY_free(EC_KEY_new_by_curve_name(NID_secp256k1));
      |     ^~~~~~~~~~~
In file included from conftest.c:29:
/usr/include/openssl/ec.h:998:31: note: declared here
  998 | OSSL_DEPRECATEDIN_3_0 EC_KEY *EC_KEY_new_by_curve_name(int nid);
      |                               ^~~~~~~~~~~~~~~~~~~~~~~~
conftest.c:43:5: warning: 'EC_KEY_new' is deprecated: Since OpenSSL 3.0 [-Wdeprecated-declarations]
   43 |     EC_KEY *eckey = EC_KEY_new();
      |     ^~~~~~
In file included from conftest.c:29:
/usr/include/openssl/ec.h:968:31: note: declared here
  968 | OSSL_DEPRECATEDIN_3_0 EC_KEY *EC_KEY_new(void);
      |                               ^~~~~~~~~~
conftest.c:45:5: warning: 'EC_KEY_set_group' is deprecated: Since OpenSSL 3.0 [-Wdeprecated-declarations]
   45 |     EC_KEY_set_group(eckey, group);
      |     ^~~~~~~~~~~~~~~~
In file included from conftest.c:29:
/usr/include/openssl/ec.h:1042:27: note: declared here
 1042 | OSSL_DEPRECATEDIN_3_0 int EC_KEY_set_group(EC_KEY *key, const EC_GROUP *group);
      |                           ^~~~~~~~~~~~~~~~
conftest.c:46:5: warning: 'ECDSA_sign' is deprecated: Since OpenSSL 3.0 [-Wdeprecated-declarations]
   46 |     ECDSA_sign(0, NULL, 0, NULL, &zero, eckey);
      |     ^~~~~~~~~~
In file included from conftest.c:29:
/usr/include/openssl/ec.h:1414:27: note: declared here
 1414 | OSSL_DEPRECATEDIN_3_0 int ECDSA_sign(int type, const unsigned char *dgst,
      |                           ^~~~~~~~~~
conftest.c:47:5: warning: 'ECDSA_verify' is deprecated: Since OpenSSL 3.0 [-Wdeprecated-declarations]
   47 |     ECDSA_verify(0, NULL, 0, NULL, 0, eckey);
      |     ^~~~~~~~~~~~
In file included from conftest.c:29:
/usr/include/openssl/ec.h:1447:27: note: declared here
 1447 | OSSL_DEPRECATEDIN_3_0 int ECDSA_verify(int type, const unsigned char *dgst,
      |                           ^~~~~~~~~~~~
conftest.c:48:5: warning: 'o2i_ECPublicKey' is deprecated: Since OpenSSL 3.0 [-Wdeprecated-declarations]
   48 |     o2i_ECPublicKey(&eckey, &zero_ptr, 0);
      |     ^~~~~~~~~~~~~~~
In file included from conftest.c:29:
/usr/include/openssl/ec.h:1236:31: note: declared here
 1236 | OSSL_DEPRECATEDIN_3_0 EC_KEY *o2i_ECPublicKey(EC_KEY **key,
      |                               ^~~~~~~~~~~~~~~
conftest.c:49:5: warning: 'd2i_ECPrivateKey' is deprecated: Since OpenSSL 3.0 [-Wdeprecated-declarations]
   49 |     d2i_ECPrivateKey(&eckey, &zero_ptr, 0);
      |     ^~~~~~~~~~~~~~~~
In file included from conftest.c:29:
/usr/include/openssl/ec.h:1187:31: note: declared here
 1187 | OSSL_DEPRECATEDIN_3_0 EC_KEY *d2i_ECPrivateKey(EC_KEY **key,
      |                               ^~~~~~~~~~~~~~~~
conftest.c:50:5: warning: 'EC_KEY_check_key' is deprecated: Since OpenSSL 3.0 [-Wdeprecated-declarations]
   50 |     EC_KEY_check_key(eckey);
      |     ^~~~~~~~~~~~~~~~
In file included from conftest.c:29:
/usr/include/openssl/ec.h:1107:27: note: declared here
 1107 | OSSL_DEPRECATEDIN_3_0 int EC_KEY_check_key(const EC_KEY *key);
      |                           ^~~~~~~~~~~~~~~~
conftest.c:51:5: warning: 'EC_KEY_free' is deprecated: Since OpenSSL 3.0 [-Wdeprecated-declarations]
   51 |     EC_KEY_free(eckey);
      |     ^~~~~~~~~~~
In file included from conftest.c:29:
/usr/include/openssl/ec.h:1003:28: note: declared here
 1003 | OSSL_DEPRECATEDIN_3_0 void EC_KEY_free(EC_KEY *key);
      |                            ^~~~~~~~~~~
configure:14289: $? = 0
configure:14296: result: yes
configure:16166: checking that generated files are newer than configure
configure:16172: result: done
configure:16251: creating ./config.status

## ---------------------- ##
## Running config.status. ##
## ---------------------- ##

This file was extended by libsecp256k1 config.status 0.1, which was
generated by GNU Autoconf 2.71.  Invocation command line was

  CONFIG_FILES    = 
  CONFIG_HEADERS  = 
  CONFIG_LINKS    = 
  CONFIG_COMMANDS = 
  $ ./config.status 

on bld

config.status:1139: creating Makefile
config.status:1139: creating libsecp256k1.pc
config.status:1139: creating src/libsecp256k1-config.h
config.status:1368: executing depfiles commands
config.status:1445: cd .       && sed -e '/# am--include-marker/d' Makefile         | make -f - am--depfiles
config.status:1450: $? = 0
config.status:1368: executing libtool commands

## ---------------- ##
## Cache variables. ##
## ---------------- ##

ac_cv_build=x86_64-pc-linux-gnu
ac_cv_c_compiler_gnu=yes
ac_cv_env_CCASFLAGS_set=
ac_cv_env_CCASFLAGS_value=
ac_cv_env_CCAS_set=
ac_cv_env_CCAS_value=
ac_cv_env_CC_set=
ac_cv_env_CC_value=
ac_cv_env_CFLAGS_set=
ac_cv_env_CFLAGS_value=
ac_cv_env_CPPFLAGS_set=
ac_cv_env_CPPFLAGS_value=
ac_cv_env_CPP_set=
ac_cv_env_CPP_value=
ac_cv_env_CRYPTO_CFLAGS_set=
ac_cv_env_CRYPTO_CFLAGS_value=
ac_cv_env_CRYPTO_LIBS_set=
ac_cv_env_CRYPTO_LIBS_value=
ac_cv_env_LDFLAGS_set=
ac_cv_env_LDFLAGS_value=
ac_cv_env_LIBS_set=
ac_cv_env_LIBS_value=
ac_cv_env_LT_SYS_LIBRARY_PATH_set=
ac_cv_env_LT_SYS_LIBRARY_PATH_value=
ac_cv_env_PKG_CONFIG_LIBDIR_set=
ac_cv_env_PKG_CONFIG_LIBDIR_value=
ac_cv_env_PKG_CONFIG_PATH_set=
ac_cv_env_PKG_CONFIG_PATH_value=
ac_cv_env_PKG_CONFIG_set=
ac_cv_env_PKG_CONFIG_value=
ac_cv_env_build_alias_set=
ac_cv_env_build_alias_value=
ac_cv_env_host_alias_set=
ac_cv_env_host_alias_value=
ac_cv_env_target_alias_set=
ac_cv_env_target_alias_value=
ac_cv_header_dlfcn_h=yes
ac_cv_header_inttypes_h=yes
ac_cv_header_openssl_crypto_h=yes
ac_cv_header_stdint_h=yes
ac_cv_header_stdio_h=yes
ac_cv_header_stdlib_h=yes
ac_cv_header_string_h=yes
ac_cv_header_strings_h=yes
ac_cv_header_sys_stat_h=yes
ac_cv_header_sys_types_h=yes
ac_cv_header_unistd_h=yes
ac_cv_header_valgrind_memcheck_h=no
ac_cv_host=x86_64-pc-linux-gnu
ac_cv_lib_crypto_main=yes
ac_cv_objext=o
ac_cv_path_EGREP='/usr/bin/grep -E'
ac_cv_path_FGREP='/usr/bin/grep -F'
ac_cv_path_GREP=/usr/bin/grep
ac_cv_path_PKG_CONFIG='/usr/bin/pkg-config --static'
ac_cv_path_SED=/usr/bin/sed
ac_cv_path_ac_pt_AR=ar
ac_cv_path_ac_pt_NM=nm
ac_cv_path_ac_pt_RANLIB=ranlib
ac_cv_path_ac_pt_STRIP=/usr/bin/strip
ac_cv_path_install='/usr/bin/install -c'
ac_cv_path_lt_DD=/usr/bin/dd
ac_cv_path_mkdir=/usr/bin/mkdir
ac_cv_prog_AR=ar
ac_cv_prog_AWK=gawk
ac_cv_prog_CC='gcc -m64'
ac_cv_prog_RANLIB=ranlib
ac_cv_prog_STRIP=strip
ac_cv_prog_ac_ct_MANIFEST_TOOL=mt
ac_cv_prog_ac_ct_OBJDUMP=objdump
ac_cv_prog_ac_ct_STRIP=strip
ac_cv_prog_cc_c11=
ac_cv_prog_cc_g=yes
ac_cv_prog_cc_stdc=
ac_cv_prog_make_make_set=yes
am_cv_CCAS_dependencies_compiler_type=gcc3
am_cv_CC_dependencies_compiler_type=gcc3
am_cv_make_support_nested_variables=yes
am_cv_prog_cc_c_o=yes
lt_cv_ar_at_file=@
lt_cv_deplibs_check_method=pass_all
lt_cv_file_magic_cmd='$MAGIC_CMD'
lt_cv_file_magic_test_file=
lt_cv_ld_reload_flag=-r
lt_cv_nm_interface='BSD nm'
lt_cv_objdir=.libs
lt_cv_path_LD=/usr/bin/ld
lt_cv_path_NM=nm
lt_cv_path_mainfest_tool=no
lt_cv_prog_compiler_c_o=yes
lt_cv_prog_compiler_pic='-fPIC -DPIC'
lt_cv_prog_compiler_pic_works=yes
lt_cv_prog_compiler_rtti_exceptions=no
lt_cv_prog_compiler_static_works=yes
lt_cv_prog_gnu_ld=yes
lt_cv_sharedlib_from_linklib_cmd='printf %s\n'
lt_cv_shlibpath_overrides_runpath=yes
lt_cv_sys_global_symbol_pipe='sed -n -e '\''s/^.*[	 ]\([ABCDGIRSTW][ABCDGIRSTW]*\)[	 ][	 ]*\([_A-Za-z][_A-Za-z0-9]*\)$/\1 \2 \2/p'\'' | sed '\''/ __gnu_lto/d'\'''
lt_cv_sys_global_symbol_to_c_name_address='sed -n -e '\''s/^: \(.*\) .*$/  {"\1", (void *) 0},/p'\'' -e '\''s/^[ABCDGIRSTW][ABCDGIRSTW]* .* \(.*\)$/  {"\1", (void *) \&\1},/p'\'''
lt_cv_sys_global_symbol_to_c_name_address_lib_prefix='sed -n -e '\''s/^: \(.*\) .*$/  {"\1", (void *) 0},/p'\'' -e '\''s/^[ABCDGIRSTW][ABCDGIRSTW]* .* \(lib.*\)$/  {"\1", (void *) \&\1},/p'\'' -e '\''s/^[ABCDGIRSTW][ABCDGIRSTW]* .* \(.*\)$/  {"lib\1", (void *) \&\1},/p'\'''
lt_cv_sys_global_symbol_to_cdecl='sed -n -e '\''s/^T .* \(.*\)$/extern int \1();/p'\'' -e '\''s/^[ABCDGIRSTW][ABCDGIRSTW]* .* \(.*\)$/extern char \1;/p'\'''
lt_cv_sys_global_symbol_to_import=
lt_cv_sys_max_cmd_len=1572864
lt_cv_to_host_file_cmd=func_convert_file_noop
lt_cv_to_tool_file_cmd=func_convert_file_noop
lt_cv_truncate_bin='/usr/bin/dd bs=4096 count=1'

## ----------------- ##
## Output variables. ##
## ----------------- ##

ACLOCAL='${SHELL} '\''/tmp/upgrade-wallet/bitcup/src/secp256k1/build-aux/missing'\'' aclocal-1.16'
AMDEPBACKSLASH='\'
AMDEP_FALSE='#'
AMDEP_TRUE=''
AMTAR='$${TAR-tar}'
AM_BACKSLASH='\'
AM_DEFAULT_V='$(AM_DEFAULT_VERBOSITY)'
AM_DEFAULT_VERBOSITY='0'
AM_V='$(V)'
AR='ar'
AUTOCONF='${SHELL} '\''/tmp/upgrade-wallet/bitcup/src/secp256k1/build-aux/missing'\'' autoconf'
AUTOHEADER='${SHELL} '\''/tmp/upgrade-wallet/bitcup/src/secp256k1/build-aux/missing'\'' autoheader'
AUTOMAKE='${SHELL} '\''/tmp/upgrade-wallet/bitcup/src/secp256k1/build-aux/missing'\'' automake-1.16'
AWK='gawk'
BREW=''
BUILD_EXEEXT=''
BUILD_OBJEXT=''
CC='gcc -m64'
CCAS='gcc -m64'
CCASDEPMODE='depmode=gcc3'
CCASFLAGS='-pipe -O2 '
CCDEPMODE='depmode=gcc3'
CC_FOR_BUILD='gcc -m64'
CFLAGS='-pipe -O2 '
CFLAGS_FOR_BUILD='-pipe -O2 '
CPP=''
CPPFLAGS=' -I/home/administrator/walletbuilders/build_environment/dash/20.0.1/depends/x86_64-pc-linux-gnu/include/ '
CPPFLAGS_FOR_BUILD=' -I/home/administrator/walletbuilders/build_environment/dash/20.0.1/depends/x86_64-pc-linux-gnu/include/ '
CPP_FOR_BUILD=''
CRYPTO_CFLAGS=''
CRYPTO_LIBS='-lcrypto'
CSCOPE='cscope'
CTAGS='ctags'
CYGPATH_W='echo'
DEFS='-DHAVE_CONFIG_H'
DEPDIR='.deps'
DLLTOOL='false'
DSYMUTIL=''
DUMPBIN=''
ECHO_C=''
ECHO_N='-n'
ECHO_T=''
EGREP='/usr/bin/grep -E'
ENABLE_COVERAGE_FALSE=''
ENABLE_COVERAGE_TRUE='#'
ENABLE_MODULE_ECDH_FALSE=''
ENABLE_MODULE_ECDH_TRUE='#'
ENABLE_MODULE_EXTRAKEYS_FALSE=''
ENABLE_MODULE_EXTRAKEYS_TRUE='#'
ENABLE_MODULE_RECOVERY_FALSE='#'
ENABLE_MODULE_RECOVERY_TRUE=''
ENABLE_MODULE_SCHNORRSIG_FALSE=''
ENABLE_MODULE_SCHNORRSIG_TRUE='#'
ETAGS='etags'
EXEEXT=''
FGREP='/usr/bin/grep -F'
GREP='/usr/bin/grep'
INSTALL_DATA='${INSTALL} -m 644'
INSTALL_PROGRAM='${INSTALL}'
INSTALL_SCRIPT='${INSTALL}'
INSTALL_STRIP_PROGRAM='$(install_sh) -c -s'
LD='/usr/bin/ld -m elf_x86_64'
LDFLAGS='-L/home/administrator/walletbuilders/build_environment/dash/20.0.1/depends/x86_64-pc-linux-gnu/lib '
LDFLAGS_FOR_BUILD='-L/home/administrator/walletbuilders/build_environment/dash/20.0.1/depends/x86_64-pc-linux-gnu/lib '
LIBOBJS=''
LIBS=''
LIBTOOL='$(SHELL) $(top_builddir)/libtool'
LIPO=''
LN_S='ln -s'
LTLIBOBJS=''
LT_SYS_LIBRARY_PATH=''
MAKEINFO='${SHELL} '\''/tmp/upgrade-wallet/bitcup/src/secp256k1/build-aux/missing'\'' makeinfo'
MANIFEST_TOOL=':'
MKDIR_P='/usr/bin/mkdir -p'
NM='nm'
NMEDIT=''
OBJDUMP='objdump'
OBJEXT='o'
OTOOL64=''
OTOOL=''
PACKAGE='libsecp256k1'
PACKAGE_BUGREPORT=''
PACKAGE_NAME='libsecp256k1'
PACKAGE_STRING='libsecp256k1 0.1'
PACKAGE_TARNAME='libsecp256k1'
PACKAGE_URL=''
PACKAGE_VERSION='0.1'
PATH_SEPARATOR=':'
PKG_CONFIG='/usr/bin/pkg-config --static'
PKG_CONFIG_LIBDIR='/home/administrator/walletbuilders/build_environment/dash/20.0.1/depends/x86_64-pc-linux-gnu/lib/pkgconfig'
PKG_CONFIG_PATH='/home/administrator/walletbuilders/build_environment/dash/20.0.1/depends/x86_64-pc-linux-gnu/share/pkgconfig'
PORT=''
RANLIB='ranlib'
SECP_CFLAGS='-O2  -std=c89 -pedantic -Wno-long-long -Wnested-externs -Wshadow -Wstrict-prototypes -Wundef -Wno-overlength-strings -Wall -Wno-unused-function -Wextra -Wcast-align -Wcast-align=strict -fvisibility=hidden '
SECP_CFLAGS_FOR_BUILD='-O2  -std=c89 -pedantic -Wno-long-long -Wnested-externs -Wshadow -Wstrict-prototypes -Wundef -Wno-overlength-strings -Wall -Wno-unused-function -Wextra -Wcast-align -Wcast-align=strict -fvisibility=hidden '
SECP_INCLUDES=''
SECP_LIBS=''
SECP_TEST_INCLUDES=''
SECP_TEST_LIBS=''
SED='/usr/bin/sed'
SET_MAKE=''
SHELL='/bin/bash'
STRIP='/usr/bin/strip'
USE_ASM_ARM_FALSE=''
USE_ASM_ARM_TRUE='#'
USE_BENCHMARK_FALSE=''
USE_BENCHMARK_TRUE='#'
USE_ECMULT_STATIC_PRECOMPUTATION_FALSE='#'
USE_ECMULT_STATIC_PRECOMPUTATION_TRUE=''
USE_EXHAUSTIVE_TESTS_FALSE='#'
USE_EXHAUSTIVE_TESTS_TRUE=''
USE_EXTERNAL_ASM_FALSE=''
USE_EXTERNAL_ASM_TRUE='#'
USE_TESTS_FALSE='#'
USE_TESTS_TRUE=''
VALGRIND_ENABLED_FALSE=''
VALGRIND_ENABLED_TRUE='#'
VERSION='0.1'
ac_ct_AR=''
ac_ct_CC=''
ac_ct_CC_FOR_BUILD=''
ac_ct_DUMPBIN=''
am__EXEEXT_FALSE=''
am__EXEEXT_TRUE='#'
am__fastdepCCAS_FALSE='#'
am__fastdepCCAS_TRUE=''
am__fastdepCC_FALSE='#'
am__fastdepCC_TRUE=''
am__include='include'
am__isrc=''
am__leading_dot='.'
am__nodep='_no'
am__quote=''
am__tar='$${TAR-tar} chof - "$$tardir"'
am__untar='$${TAR-tar} xf -'
bindir='${exec_prefix}/bin'
build='x86_64-pc-linux-gnu'
build_alias=''
build_cpu='x86_64'
build_os='linux-gnu'
build_vendor='pc'
datadir='${datarootdir}'
datarootdir='${prefix}/share'
docdir='${datarootdir}/doc/${PACKAGE_TARNAME}'
dvidir='${docdir}'
exec_prefix='${prefix}'
host='x86_64-pc-linux-gnu'
host_alias='x86_64-pc-linux-gnu'
host_cpu='x86_64'
host_os='linux-gnu'
host_vendor='pc'
htmldir='${docdir}'
includedir='${prefix}/include'
infodir='${datarootdir}/info'
install_sh='${SHELL} /tmp/upgrade-wallet/bitcup/src/secp256k1/build-aux/install-sh'
libdir='${exec_prefix}/lib'
libexecdir='${exec_prefix}/libexec'
localedir='${datarootdir}/locale'
localstatedir='${prefix}/var'
mandir='${datarootdir}/man'
mkdir_p='$(MKDIR_P)'
oldincludedir='/usr/include'
pdfdir='${docdir}'
prefix='/usr/local'
program_transform_name='s,x,x,'
psdir='${docdir}'
runstatedir='${localstatedir}/run'
sbindir='${exec_prefix}/sbin'
sharedstatedir='${prefix}/com'
sysconfdir='${prefix}/etc'
target_alias=''

## ----------- ##
## confdefs.h. ##
## ----------- ##

/* confdefs.h */
#define PACKAGE_NAME "libsecp256k1"
#define PACKAGE_TARNAME "libsecp256k1"
#define PACKAGE_VERSION "0.1"
#define PACKAGE_STRING "libsecp256k1 0.1"
#define PACKAGE_BUGREPORT ""
#define PACKAGE_URL ""
#define PACKAGE "libsecp256k1"
#define VERSION "0.1"
#define HAVE_STDIO_H 1
#define HAVE_STDLIB_H 1
#define HAVE_STRING_H 1
#define HAVE_INTTYPES_H 1
#define HAVE_STDINT_H 1
#define HAVE_STRINGS_H 1
#define HAVE_SYS_STAT_H 1
#define HAVE_SYS_TYPES_H 1
#define HAVE_UNISTD_H 1
#define STDC_HEADERS 1
#define HAVE_DLFCN_H 1
#define LT_OBJDIR ".libs/"
#define USE_ASM_X86_64 1
#define ECMULT_WINDOW_SIZE 15
#define ECMULT_GEN_PREC_BITS 4
#define HAVE_LIBCRYPTO 1
#define USE_ECMULT_STATIC_PRECOMPUTATION 1
#define ENABLE_MODULE_RECOVERY 1

configure: exit 0
